SYSCALL(args) 		 = return
getpid(0x7FFF5FBFF350, 0x7FFFFFE00050, 0x0)		 = 48854 0
open_nocancel("/dev/urandom\0", 0x0, 0x0)		 = 4 0
read_nocancel(0x4, "fs\267\320\312\306[\024\256?\305\344L\263\033\225romx&\363\023\372U\210T\262\263/\234\321\274&\300 \021x~\030\351\\\210\237\223\215\034\241}A+\"\235t\272#\331\2438\275kl\222@\205\324v\fn\355L\227\311\3278br\024s\004\0303\362TL\355\245-\221\362\364Y\276\257\214\006\2705\367\373+Z1\337\253z2\224\0", 0x6C)		 = 108 0
close_nocancel(0x4)		 = 0 0
issetugid(0x100000000, 0x7FFF5FBFF650, 0x7FFF5FC40530)		 = 0 0
geteuid(0x100000000, 0x7FFF5FBFF650, 0x0)		 = 0 0
__sysctl(0x7FFF5FBFD240, 0x2, 0x7FFF5FBFD200)		 = 0 0
__sysctl(0x7FFF5FBFD200, 0x2, 0x7FFF5FBFD29C)		 = 0 0
shared_region_check_np(0x7FFF5FBFD408, 0x0, 0x7FFF5FC1DC86)		 = 0 0
stat64("/usr/lib/dtrace/libdtrace_dyld.dylib\0", 0x7FFF5FBFC810, 0x7FFF5FBFCE50)		 = 0 0
open("/usr/lib/dtrace/libdtrace_dyld.dylib\0", 0x0, 0x0)		 = 4 0
pread(0x4, "\312\376\272\276\0", 0x1000, 0x0)		 = 4096 0
pread(0x4, "\317\372\355\376\a\0", 0x1000, 0x1000)		 = 4096 0
mmap(0x100004000, 0x2000, 0x5, 0x12, 0x4, 0x7FFF00000001)		 = 0x4000 0
mmap(0x100006000, 0x1000, 0x3, 0x12, 0x4, 0x7FFF00000001)		 = 0x6000 0
mmap(0x100007000, 0x1F10, 0x1, 0x12, 0x4, 0x7FFF00000001)		 = 0x7000 0
close(0x4)		 = 0 0
stat64("/Users/aaron/.rvm/rubies/ruby-1.8.7-p334/lib/libruby.dylib\0", 0x7FFF5FBFC590, 0x7FFF5FBFCBD0)		 = 0 0
open("/Users/aaron/.rvm/rubies/ruby-1.8.7-p334/lib/libruby.dylib\0", 0x0, 0x0)		 = 4 0
pread(0x4, "\317\372\355\376\a\0", 0x1000, 0x0)		 = 4096 0
mmap(0x100009000, 0xD5000, 0x5, 0x12, 0x4, 0x7FFF00000001)		 = 0x9000 0
mmap(0x1000DE000, 0x4000, 0x3, 0x12, 0x4, 0x7FFF00000001)		 = 0xDE000 0
mmap(0x1000FF000, 0x52C08, 0x1, 0x12, 0x4, 0x7FFF00000001)		 = 0xFF000 0
fcntl(0x4, 0x2C, 0x7FFF5FBFA8A0)		 = 0 0
close(0x4)		 = 0 0
stat64("/usr/lib/libSystem.B.dylib\0", 0x7FFF5FBFC590, 0x7FFF5FBFCBD0)		 = 0 0
stat64("/usr/lib/libobjc.A.dylib\0", 0x7FFF5FBFC590, 0x7FFF5FBFCBD0)		 = 0 0
stat64("/usr/lib/system/libmathCommon.A.dylib\0", 0x7FFF5FBFC2F0, 0x7FFF5FBFC930)		 = 0 0
stat64("/usr/lib/libauto.dylib\0", 0x7FFF5FBFC410, 0x7FFF5FBFCA50)		 = 0 0
stat64("/usr/lib/libstdc++.6.dylib\0", 0x7FFF5FBFC410, 0x7FFF5FBFCA50)		 = 0 0
issetugid(0x7FFF8699F8AC, 0x7FFF5FBFD0DC, 0x7FFF5FBFF558)		 = 0 0
stat64("/System/Library/Frameworks/CoreFoundation.framework/CoreFoundation\0", 0x7FFF5FBFC180, 0x7FFF5FBFC7C0)		 = 0 0
mmap(0x0, 0x1000000, 0x3, 0x1002, 0x2000000, 0x100000000)		 = 0x400000 0
munmap(0x100400000, 0x400000)		 = 0 0
munmap(0x101000000, 0x400000)		 = 0 0
getrlimit(0x1003, 0x7FFF5FBFF4E0, 0x7FFF5FBFF558)		 = 0 0
mmap(0x0, 0x62000, 0x3, 0x1002, 0x3000000, 0x100000000)		 = 0x400000 0
mmap(0x0, 0x1000, 0x3, 0x1002, 0x3000000, 0x100000000)		 = 0x1B5000 0
open("/dev/urandom\0", 0x20104, 0x24)		 = 4 0
fstat64(0x4, 0x7FFF5FBFF2F0, 0x0)		 = 0 0
read(0x4, "ab\221\300\307\f\27410\024>\355\204\375A`+>[U\277\260\205S\f\237\224\0312\370\230\034\0", 0x20)		 = 32 0
close(0x4)		 = 0 0
sigaction(0x2, 0x7FFF5FBFF330, 0x7FFF5FBFF360)		 = 0 0
sigaction(0x1, 0x7FFF5FBFF330, 0x7FFF5FBFF360)		 = 0 0
sigaction(0x3, 0x7FFF5FBFF330, 0x7FFF5FBFF360)		 = 0 0
sigaction(0xF, 0x7FFF5FBFF330, 0x7FFF5FBFF360)		 = 0 0
sigaction(0xE, 0x7FFF5FBFF330, 0x7FFF5FBFF360)		 = 0 0
sigaction(0x1E, 0x7FFF5FBFF330, 0x7FFF5FBFF360)		 = 0 0
sigaction(0x1F, 0x7FFF5FBFF330, 0x7FFF5FBFF360)		 = 0 0
sigaction(0xA, 0x7FFF5FBFF330, 0x7FFF5FBFF360)		 = 0 0
sigaction(0xB, 0x7FFF5FBFF330, 0x7FFF5FBFF360)		 = 0 0
sigaction(0xD, 0x7FFF5FBFF330, 0x7FFF5FBFF360)		 = 0 0
sigprocmask(0x1, 0x7FFF5FBFF3BC, 0x7FFF5FBFF3BC)		 = 0x0 0
sigaction(0x14, 0x7FFF5FBFF350, 0x7FFF5FBFF380)		 = 0 0
sigprocmask(0x3, 0x7FFF5FBFF3BC, 0x0)		 = 0x0 0
geteuid(0x0, 0x10023752, 0x100237080)		 = 0 0
getegid(0x0, 0x10023752, 0x0)		 = 0 0
getuid(0x0, 0x10023E97, 0x10022EF20)		 = 0 0
geteuid(0x0, 0x10023E97, 0x0)		 = 0 0
getgid(0x0, 0x10023E97, 0x0)		 = 0 0
getegid(0x0, 0x10023E97, 0x0)		 = 0 0
getrlimit(0x1008, 0x7FFF5FBFF1A0, 0x7FFF8566F80C)		 = 0 0
open_nocancel("/tmp/foo.rb20110611-48847-27z08d-0\0", 0x0, 0x1B6)		 = 4 0
close_nocancel(0x4)		 = 0 0
open_nocancel("/tmp/foo.rb20110611-48847-27z08d-0\0", 0x0, 0x1B6)		 = 4 0
fstat64(0x4, 0x7FFF5FBFF130, 0x7FFF5FBFF1FC)		 = 0 0
read_nocancel(0x4, "\0", 0x1000)		 = 0 0
sigaction(0x2, 0x7FFF5FBFF320, 0x7FFF5FBFF350)		 = 0 0
close_nocancel(0x4)		 = 0 0
madvise(0x7FFF896EF000, 0x2000, 0x5)		 = 0 0
open("/dev/dtracehelper\0", 0x2, 0x7FFF5FC45530)		 = 4 0
ioctl(0x4, 0x80086804, 0x7FFF5FBFD1A0)		 = 0 0
close(0x4)		 = 0 0
__sysctl(0x7FFF5FBFD090, 0x2, 0x7FFF5FBFD080)		 = 0 0
bsdthread_register(0x7FFF856A539C, 0x7FFF85685FB8, 0x2000)		 = 0 0
thread_selfid(0x7FFF856A539C, 0x7FFF85685FB8, 0x0)		 = 367513 0
open_nocancel("/dev/urandom\0", 0x0, 0x7FFF70A6EBE0)		 = 4 0
read_nocancel(0x4, "\317a\345\266\016\v\342\356:\036\035\32176)\322\024\373\334\234\367Yzj\226\177\236\025q\344\357\320\345>\334\030\330\335\303\265\243\002re\0242\024\306\177\rO8\275}W\376#\222-\311vQ6\"\0", 0x40)		 = 64 0
close_nocancel(0x4)		 = 0 0
mmap(0x0, 0x3000, 0x3, 0x1002, 0x1000000, 0x7FFF00000001)		 = 0x152000 0
__sysctl(0x7FFF5FBFCF10, 0x2, 0x7FFF5FBFCED0)		 = 0 0
__sysctl(0x7FFF5FBFCED0, 0x2, 0x7FFF5FBFCF68)		 = 0 0
getpid(0x7FFF5FBFCE60, 0x7FFFFFE00050, 0x0)		 = 48854 0
open_nocancel("/dev/urandom\0", 0x0, 0x0)		 = 4 0
read_nocancel(0x4, "\354\315\207S\331\215q\242\335\312\345\251h\226\002\235\330AI\350E\302\265\317ke\323\\\307+\217 *\305Z\313\001EQ\257\244\251\2019\245\331\367\317P[\266\374..\a\373\bM\245\005\362\221\026\332\246\0", 0x6C)		 = 108 0
close_nocancel(0x4)		 = 0 0
__sysctl(0x7FFF5FBFCF10, 0x2, 0x7FFF5FBFCF3C)		 = 0 0
mmap(0x0, 0x17000, 0x3, 0x1002, 0x1000000, 0x7FFF00000001)		 = 0x155000 0
mmap(0x0, 0x17000, 0x3, 0x1002, 0x1000000, 0x7FFF00000001)		 = 0x16C000 0
mmap(0x0, 0x1000, 0x3, 0x1002, 0x1000000, 0x7FFF00000001)		 = 0x183000 0
mmap(0x0, 0x200000, 0x3, 0x1002, 0x7000000, 0x7FFF00000001)		 = 0x184000 0
munmap(0x100184000, 0x7C000)		 = 0 0
munmap(0x100300000, 0x84000)		 = 0 0
__sysctl(0x7FFF5FBFD070, 0x2, 0x7FFF5FBFD030)		 = 0 0
__sysctl(0x7FFF5FBFD030, 0x2, 0x7FFF70A7B760)		 = 0 0
__sysctl(0x7FFF5FBFD070, 0x2, 0x7FFF5FBFD030)		 = 0 0
__sysctl(0x7FFF5FBFD030, 0x2, 0x7FFF70A7B764)		 = 0 0
__sysctl(0x7FFF5FBFD070, 0x2, 0x7FFF5FBFD030)		 = 0 0
__sysctl(0x7FFF5FBFD030, 0x2, 0x7FFF70A7B768)		 = 0 0
mmap(0x0, 0x3000, 0x3, 0x1002, 0x1000000, 0x7FFF00000001)		 = 0x184000 0
__sysctl(0x7FFF5FBFD040, 0x2, 0x7FFF5FBFD000)		 = 0 0
__sysctl(0x7FFF5FBFD000, 0x2, 0x7FFF5FBFD098)		 = 0 0
__sysctl(0x7FFF5FBFD040, 0x2, 0x7FFF5FBFD06C)		 = 0 0
mmap(0x0, 0x17000, 0x3, 0x1002, 0x1000000, 0x7FFF00000001)		 = 0x187000 0
mmap(0x0, 0x17000, 0x3, 0x1002, 0x1000000, 0x7FFF00000001)		 = 0x19E000 0
mmap(0x0, 0x200000, 0x3, 0x1002, 0x7000000, 0x7FFF00000001)		 = 0x300000 0
munmap(0x100400000, 0x100000)		 = 0 0

