SYSCALL(args) 		 = return
madvise(0x7FFF896EF000, 0x2000, 0x5)		 = 0 0
open("/dev/dtracehelper\0", 0x2, 0x7FFF5FC45530)		 = 4 0
issetugid(0x7FFF8699F8AC, 0x7FFF5FBFD0DC, 0x7FFF5FBFF550)		 = 0 0
stat64("/System/Library/Frameworks/CoreFoundation.framework/CoreFoundation\0", 0x7FFF5FBFC180, 0x7FFF5FBFC7C0)		 = 0 0
mmap(0x0, 0x1000000, 0x3, 0x1002, 0x2000000, 0x0)		 = 0x400000 0
munmap(0x100400000, 0x400000)		 = 0 0
munmap(0x101000000, 0x400000)		 = 0 0
getrlimit(0x1003, 0x7FFF5FBFF4D0, 0x7FFF5FBFF550)		 = 0 0
mmap(0x0, 0x62000, 0x3, 0x1002, 0x3000000, 0x0)		 = 0x400000 0
mmap(0x0, 0x1000, 0x3, 0x1002, 0x3000000, 0x0)		 = 0x1B5000 0
open("/dev/urandom\0", 0x20104, 0x24)		 = 4 0
fstat64(0x4, 0x7FFF5FBFF2E0, 0x0)		 = 0 0
read(0x4, "\202\344\315\216f\370]_8\260\213\262\227Z\275v%y\2562\235\367\337\220\205\325]\361\017\327\217\310\0", 0x20)		 = 32 0
close(0x4)		 = 0 0
sigaction(0x2, 0x7FFF5FBFF320, 0x7FFF5FBFF350)		 = 0 0
sigaction(0x1, 0x7FFF5FBFF320, 0x7FFF5FBFF350)		 = 0 0
sigaction(0x3, 0x7FFF5FBFF320, 0x7FFF5FBFF350)		 = 0 0
sigaction(0xF, 0x7FFF5FBFF320, 0x7FFF5FBFF350)		 = 0 0
sigaction(0xE, 0x7FFF5FBFF320, 0x7FFF5FBFF350)		 = 0 0
sigaction(0x1E, 0x7FFF5FBFF320, 0x7FFF5FBFF350)		 = 0 0
sigaction(0x1F, 0x7FFF5FBFF320, 0x7FFF5FBFF350)		 = 0 0
sigaction(0xA, 0x7FFF5FBFF320, 0x7FFF5FBFF350)		 = 0 0
sigaction(0xB, 0x7FFF5FBFF320, 0x7FFF5FBFF350)		 = 0 0
sigaction(0xD, 0x7FFF5FBFF320, 0x7FFF5FBFF350)		 = 0 0
sigprocmask(0x1, 0x7FFF5FBFF3AC, 0x7FFF5FBFF3AC)		 = 0x0 0
sigaction(0x14, 0x7FFF5FBFF340, 0x7FFF5FBFF370)		 = 0 0
sigprocmask(0x3, 0x7FFF5FBFF3AC, 0x0)		 = 0x0 0
geteuid(0x0, 0x10023752, 0x100237080)		 = 0 0
getegid(0x0, 0x10023752, 0x0)		 = 0 0
getuid(0x0, 0x10023E97, 0x10022EF20)		 = 0 0
geteuid(0x0, 0x10023E97, 0x0)		 = 0 0
getgid(0x0, 0x10023E97, 0x0)		 = 0 0
getegid(0x0, 0x10023E97, 0x0)		 = 0 0
getrlimit(0x1008, 0x7FFF5FBFF190, 0x7FFF8566F80C)		 = 0 0
open_nocancel("/tmp/foo.rb20110611-48856-7lypn9-0\0", 0x0, 0x1B6)		 = 4 0
close_nocancel(0x4)		 = 0 0
open_nocancel("/tmp/foo.rb20110611-48856-7lypn9-0\0", 0x0, 0x1B6)		 = 4 0
fstat64(0x4, 0x7FFF5FBFF120, 0x7FFF5FBFF1EC)		 = 0 0
read_nocancel(0x4, "require 'rubygems'\n\0", 0x1000)		 = 19 0
read_nocancel(0x4, "\0", 0x1000)		 = 0 0
close_nocancel(0x4)		 = 0 0
stat64("/Users/aaron/.rvm/rubies/ruby-1.8.7-p334/lib/ruby/site_ruby/1.8/rubygems.rb\0", 0x7FFF5FBFEAC0, 0x0)		 = 0 0
open("/Users/aaron/.rvm/rubies/ruby-1.8.7-p334/lib/ruby/site_ruby/1.8/rubygems.rb\0", 0x0, 0x1000E14A0)		 = 4 0
fstat64(0x4, 0x7FFF5FBFEAE0, 0x0)		 = 0 0
close(0x4)		 = 0 0
stat64("/Users/aaron/.rvm/rubies/ruby-1.8.7-p334/lib/ruby/site_ruby/1.8/rubygems.rb\0", 0x7FFF5FBFEAE0, 0x0)		 = 0 0
open("/Users/aaron/.rvm/rubies/ruby-1.8.7-p334/lib/ruby/site_ruby/1.8/rubygems.rb\0", 0x0, 0x1000E14A0)		 = 4 0
fstat64(0x4, 0x7FFF5FBFEB00, 0x0)		 = 0 0
close(0x4)		 = 0 0
open("/Users/aaron/.rvm/rubies/ruby-1.8.7-p334/lib/ruby/site_ruby/1.8/rubygems.rb\0", 0x0, 0x10023FAA0)		 = 4 0
fstat64(0x4, 0x7FFF5FBFE930, 0x0)		 = 0 0
close(0x4)		 = 0 0
open_nocancel("/Users/aaron/.rvm/rubies/ruby-1.8.7-p334/lib/ruby/site_ruby/1.8/rubygems.rb\0", 0x0, 0x1B6)		 = 4 0
close_nocancel(0x4)		 = 0 0
open_nocancel("/Users/aaron/.rvm/rubies/ruby-1.8.7-p334/lib/ruby/site_ruby/1.8/rubygems.rb\0", 0x0, 0x1B6)		 = 4 0
fstat64(0x4, 0x7FFF5FBFDD40, 0x7FFF5FBFDE0C)		 = 0 0
read_nocancel(0x4, "# -*- ruby -*-\n#--\n# Copyright 2006 by Chad Fowler, Rich Kilmer, Jim Weirich and others.\n# All rights reserved.\n# See LICENSE.txt for permissions.\n#++\n\nmodule Gem\n  QUICKLOADER_SUCKAGE = RUBY_VERSION =~ /^1\\.9\\.1/\n  GEM_PRELUDE_SUCKAGE = RUBY_VERSION =~ /^", 0x1000)		 = 4096 0
read_nocancel(0x4, "erwise unable to activate.\n\n  class LoadError < ::LoadError\n    # Name of gem\n    attr_accessor :name\n\n    # Version requirement of gem\n    attr_accessor :requirement\n  end\n\n  # :stopdoc:\n\n  RubyGemsVersion = VERSION\n\n  RbConfigPriorities = %w[\n    EXEEXT ", 0x1000)		 = 4096 0
read_nocancel(0x4, ".conflicts\n    unless conf.empty? then\n      why = conf.map { |act,con|\n        \"#{act.full_name} conflicts with #{con.join(\", \")}\"\n      }.join \", \"\n\n      # TODO: improve message by saying who activated `con`\n\n      raise LoadError, \"Unable to activate #", 0x1000)		 = 4096 0
read_nocancel(0x4, ".gemrc'\n  end\n\n  ##\n  # The standard configuration object for gems.\n\n  def self.configuration\n    @configuration ||= Gem::ConfigFile.new []\n  end\n\n  ##\n  # Use the given configuration object (which implements the ConfigFile\n  # protocol) as the standard co", 0x1000)		 = 4096 0
read_nocancel(0x4, "s +data+.\n\n  def self.gzip(data)\n    require 'stringio'\n    require 'zlib'\n    zipped = StringIO.new\n\n    Zlib::GzipWriter.wrap zipped do |io| io.write data end\n\n    zipped.string\n  end\n\n  ##\n  # A Zlib::Inflate#inflate wrapper\n\n  def self.inflate(data)\n  ", 0x1000)		 = 4096 0
read_nocancel(0x4, "he gem's files will be removed and the install will be aborted.\n\n  def self.post_build(&hook)\n    @post_build_hooks << hook\n  end\n\n  ##\n  # Adds a post-install hook that will be passed an Gem::Installer instance\n  # when Gem::Installer#install is called\n\n ", 0x1000)		 = 4096 0
read_nocancel(0x4, "by executable contain spaces.\n      @ruby.sub!(/.*\\s.*/m, '\"\\&\"')\n    end\n\n    @ruby\n  end\n\n  def self.latest_spec_for name\n    dependency  = Gem::Dependency.new name\n    fetcher     = Gem::SpecFetcher.fetcher\n    spec_tuples = fetcher.find_matching depend", 0x1000)		 = 4096 0
read_nocancel(0x4, "paths\n    set_home(home) if home\n    set_paths(paths.join(File::PATH_SEPARATOR)) if paths\n  end\n\n  ##\n  # The home directory for the user.\n\n  def self.user_home\n    @user_home ||= find_home\n  end\n\n  ##\n  # Is this a windows platform?\n\n  def self.win_platfo", 0x1000)		 = 4096 0
read_nocancel(0x4, "e to test out changes\n  # that haven't been installed yet.  Now RubyGems defers to -I and the\n  # RUBYLIB environment variable to skip activation of a gem.\n  #\n  # Example:\n  #\n  #   GEM_SKIP=libA:libB ruby -I../libA -I../libB ./mycode.rb\n\n  def gem(gem_na", 0x1000)		 = 1708 0
read_nocancel(0x4, "r.join ':'}:Warning: \" \\\n    \"RbConfig.datadir is deprecated and will be removed on or after \" \\\n    \"August 2011.  \" \\\n    \"Use Gem::datadir.\"\n\n  require 'rbconfig/datadir'\n\n  Gem.datadir(package_name) ||\n    File.join(Gem::ConfigMap[:datadir], package_na", 0x1000)		 = 0 0
close_nocancel(0x4)		 = 0 0
stat64("/Users/aaron/.rvm/rubies/ruby-1.8.7-p334/lib/ruby/site_ruby/1.8/rubygems/defaults.rb\0", 0x7FFF5FBFE150, 0x0)		 = 0 0
open("/Users/aaron/.rvm/rubies/ruby-1.8.7-p334/lib/ruby/site_ruby/1.8/rubygems/defaults.rb\0", 0x0, 0x1000E14A0)		 = 4 0
fstat64(0x4, 0x7FFF5FBFE170, 0x0)		 = 0 0
close(0x4)		 = 0 0
stat64("/Users/aaron/.rvm/rubies/ruby-1.8.7-p334/lib/ruby/site_ruby/1.8/rubygems/defaults.rb\0", 0x7FFF5FBFE170, 0x0)		 = 0 0
open("/Users/aaron/.rvm/rubies/ruby-1.8.7-p334/lib/ruby/site_ruby/1.8/rubygems/defaults.rb\0", 0x0, 0x1000E14A0)		 = 4 0
fstat64(0x4, 0x7FFF5FBFE190, 0x0)		 = 0 0
close(0x4)		 = 0 0
open("/Users/aaron/.rvm/rubies/ruby-1.8.7-p334/lib/ruby/site_ruby/1.8/rubygems/defaults.rb\0", 0x0, 0x100277040)		 = 4 0
fstat64(0x4, 0x7FFF5FBFDFC0, 0x0)		 = 0 0
close(0x4)		 = 0 0
open_nocancel("/Users/aaron/.rvm/rubies/ruby-1.8.7-p334/lib/ruby/site_ruby/1.8/rubygems/defaults.rb\0", 0x0, 0x1B6)		 = 4 0
close_nocancel(0x4)		 = 0 0
open_nocancel("/Users/aaron/.rvm/rubies/ruby-1.8.7-p334/lib/ruby/site_ruby/1.8/rubygems/defaults.rb\0", 0x0, 0x1B6)		 = 4 0
fstat64(0x4, 0x7FFF5FBFD3D0, 0x7FFF5FBFD49C)		 = 0 0
read_nocancel(0x4, "module Gem\n\n  @post_install_hooks   ||= []\n  @post_uninstall_hooks ||= []\n  @pre_uninstall_hooks  ||= []\n  @pre_install_hooks    ||= []\n\n  ##\n  # An Array of the default sources that come with RubyGems\n\n  def self.default_sources\n    %w[http://rubygems.org", 0x1000)		 = 2202 0
read_nocancel(0x4, "# Path for gems in the user's home directory\n\n  def self.user_dir\n    File.join Gem.user_home, '.gem', ruby_engine, ConfigMap[:ruby_version]\n  end\n\n  ##\n  # Default gem load path\n\n  def self.default_path\n    if File.exist? Gem.user_home then\n      [user_di", 0x1000)		 = 0 0
close_nocancel(0x4)		 = 0 0
stat64("/Users/aaron/.rvm/rubies/ruby-1.8.7-p334/lib/ruby/site_ruby/1.8/rubygems/dependency_list.rb\0", 0x7FFF5FBFE130, 0x0)		 = 0 0
open("/Users/aaron/.rvm/rubies/ruby-1.8.7-p334/lib/ruby/site_ruby/1.8/rubygems/dependency_list.rb\0", 0x0, 0x1000E14A0)		 = 4 0
fstat64(0x4, 0x7FFF5FBFE150, 0x0)		 = 0 0
close(0x4)		 = 0 0
stat64("/Users/aaron/.rvm/rubies/ruby-1.8.7-p334/lib/ruby/site_ruby/1.8/rubygems/dependency_list.rb\0", 0x7FFF5FBFE150, 0x0)		 = 0 0
open("/Users/aaron/.rvm/rubies/ruby-1.8.7-p334/lib/ruby/site_ruby/1.8/rubygems/dependency_list.rb\0", 0x0, 0x1000E14A0)		 = 4 0
fstat64(0x4, 0x7FFF5FBFE170, 0x0)		 = 0 0
close(0x4)		 = 0 0
open("/Users/aaron/.rvm/rubies/ruby-1.8.7-p334/lib/ruby/site_ruby/1.8/rubygems/dependency_list.rb\0", 0x0, 0x10027B8D0)		 = 4 0
fstat64(0x4, 0x7FFF5FBFDFA0, 0x0)		 = 0 0
close(0x4)		 = 0 0
open_nocancel("/Users/aaron/.rvm/rubies/ruby-1.8.7-p334/lib/ruby/site_ruby/1.8/rubygems/dependency_list.rb\0", 0x0, 0x1B6)		 = 4 0
close_nocancel(0x4)		 = 0 0
open_nocancel("/Users/aaron/.rvm/rubies/ruby-1.8.7-p334/lib/ruby/site_ruby/1.8/rubygems/dependency_list.rb\0", 0x0, 0x1B6)		 = 4 0
fstat64(0x4, 0x7FFF5FBFD3B0, 0x7FFF5FBFD47C)		 = 0 0
read_nocancel(0x4, "#--\n# Copyright 2006 by Chad Fowler, Rich Kilmer, Jim Weirich and others.\n# All rights reserved.\n# See LICENSE.txt for permissions.\n#++\n\nrequire 'tsort'\n\n##\n# Gem::DependencyList is used for installing and uninstalling gems in the\n# correct order to avoid ", 0x1000)		 = 4096 0
read_nocancel(0x4, "cy list\n\n  def remove_by_name(full_name)\n    @specs.delete_if { |spec| spec.full_name == full_name }\n  end\n\n  ##\n  # Return a hash of predecessors.  <tt>result[spec]</tt> is an Array of\n  # gemspecs that have a dependency satisfied by the named gemspec.\n\n ", 0x1000)		 = 1346 0
mmap(0x0, 0xB0000, 0x3, 0x1002, 0x3000000, 0x100000001)		 = 0x462000 0
read_nocancel(0x4, "cs.find { |spec| spec.full_name == full_name }\n  end\n\n  def inspect # :nodoc:\n    \"#<%s:0x%x %p>\" % [self.class, object_id, map { |s| s.full_name }]\n  end\n\n  ##\n  # Are all the dependencies in the list satisfied?\n\n  def ok?\n    why_not_ok?(:quick).empty?\n ", 0x1000)		 = 0 0
close_nocancel(0x4)		 = 0 0
stat64("/Users/aaron/.rvm/rubies/ruby-1.8.7-p334/lib/ruby/site_ruby/1.8/tsort.rb\0", 0x7FFF5FBFD7C0, 0x0)		 = -1 Err#2
stat64("/Users/aaron/.rvm/rubies/ruby-1.8.7-p334/lib/ruby/site_ruby/1.8/tsort.bundle\0", 0x7FFF5FBFD7C0, 0x0)		 = -1 Err#2
stat64("/Users/aaron/.rvm/rubies/ruby-1.8.7-p334/lib/ruby/site_ruby/1.8/i686-darwin10.7.0/tsort.rb\0", 0x7FFF5FBFD7C0, 0x0)		 = -1 Err#2
stat64("/Users/aaron/.rvm/rubies/ruby-1.8.7-p334/lib/ruby/site_ruby/1.8/i686-darwin10.7.0/tsort.bundle\0", 0x7FFF5FBFD7C0, 0x0)		 = -1 Err#2
stat64("/Users/aaron/.rvm/rubies/ruby-1.8.7-p334/lib/ruby/site_ruby/tsort.rb\0", 0x7FFF5FBFD7C0, 0x0)		 = -1 Err#2
stat64("/Users/aaron/.rvm/rubies/ruby-1.8.7-p334/lib/ruby/site_ruby/tsort.bundle\0", 0x7FFF5FBFD7C0, 0x0)		 = -1 Err#2
stat64("/Users/aaron/.rvm/rubies/ruby-1.8.7-p334/lib/ruby/vendor_ruby/1.8/tsort.rb\0", 0x7FFF5FBFD7C0, 0x0)		 = -1 Err#2
stat64("/Users/aaron/.rvm/rubies/ruby-1.8.7-p334/lib/ruby/vendor_ruby/1.8/tsort.bundle\0", 0x7FFF5FBFD7C0, 0x0)		 = -1 Err#2
stat64("/Users/aaron/.rvm/rubies/ruby-1.8.7-p334/lib/ruby/vendor_ruby/1.8/i686-darwin10.7.0/tsort.rb\0", 0x7FFF5FBFD7C0, 0x0)		 = -1 Err#2
stat64("/Users/aaron/.rvm/rubies/ruby-1.8.7-p334/lib/ruby/vendor_ruby/1.8/i686-darwin10.7.0/tsort.bundle\0", 0x7FFF5FBFD7C0, 0x0)		 = -1 Err#2
stat64("/Users/aaron/.rvm/rubies/ruby-1.8.7-p334/lib/ruby/vendor_ruby/tsort.rb\0", 0x7FFF5FBFD7C0, 0x0)		 = -1 Err#2
stat64("/Users/aaron/.rvm/rubies/ruby-1.8.7-p334/lib/ruby/vendor_ruby/tsort.bundle\0", 0x7FFF5FBFD7C0, 0x0)		 = -1 Err#2
stat64("/Users/aaron/.rvm/rubies/ruby-1.8.7-p334/lib/ruby/1.8/tsort.rb\0", 0x7FFF5FBFD7C0, 0x0)		 = 0 0
open("/Users/aaron/.rvm/rubies/ruby-1.8.7-p334/lib/ruby/1.8/tsort.rb\0", 0x0, 0x1000E14A0)		 = 4 0
fstat64(0x4, 0x7FFF5FBFD7E0, 0x0)		 = 0 0
close(0x4)		 = 0 0
stat64("/Users/aaron/.rvm/rubies/ruby-1.8.7-p334/lib/ruby/site_ruby/1.8/tsort.rb\0", 0x7FFF5FBFD7E0, 0x0)		 = -1 Err#2
stat64("/Users/aaron/.rvm/rubies/ruby-1.8.7-p334/lib/ruby/site_ruby/1.8/i686-darwin10.7.0/tsort.rb\0", 0x7FFF5FBFD7E0, 0x0)		 = -1 Err#2
stat64("/Users/aaron/.rvm/rubies/ruby-1.8.7-p334/lib/ruby/site_ruby/tsort.rb\0", 0x7FFF5FBFD7E0, 0x0)		 = -1 Err#2
stat64("/Users/aaron/.rvm/rubies/ruby-1.8.7-p334/lib/ruby/vendor_ruby/1.8/tsort.rb\0", 0x7FFF5FBFD7E0, 0x0)		 = -1 Err#2
stat64("/Users/aaron/.rvm/rubies/ruby-1.8.7-p334/lib/ruby/vendor_ruby/1.8/i686-darwin10.7.0/tsort.rb\0", 0x7FFF5FBFD7E0, 0x0)		 = -1 Err#2
stat64("/Users/aaron/.rvm/rubies/ruby-1.8.7-p334/lib/ruby/vendor_ruby/tsort.rb\0", 0x7FFF5FBFD7E0, 0x0)		 = -1 Err#2
stat64("/Users/aaron/.rvm/rubies/ruby-1.8.7-p334/lib/ruby/1.8/tsort.rb\0", 0x7FFF5FBFD7E0, 0x0)		 = 0 0
open("/Users/aaron/.rvm/rubies/ruby-1.8.7-p334/lib/ruby/1.8/tsort.rb\0", 0x0, 0x1000E14A0)		 = 4 0
fstat64(0x4, 0x7FFF5FBFD800, 0x0)		 = 0 0
close(0x4)		 = 0 0
open("/Users/aaron/.rvm/rubies/ruby-1.8.7-p334/lib/ruby/1.8/tsort.rb\0", 0x0, 0x1002770F0)		 = 4 0
fstat64(0x4, 0x7FFF5FBFD630, 0x0)		 = 0 0
close(0x4)		 = 0 0
open_nocancel("/Users/aaron/.rvm/rubies/ruby-1.8.7-p334/lib/ruby/1.8/tsort.rb\0", 0x0, 0x1B6)		 = 4 0
close_nocancel(0x4)		 = 0 0
open_nocancel("/Users/aaron/.rvm/rubies/ruby-1.8.7-p334/lib/ruby/1.8/tsort.rb\0", 0x0, 0x1B6)		 = 4 0
fstat64(0x4, 0x7FFF5FBFCA40, 0x7FFF5FBFCB0C)		 = 0 0
read_nocancel(0x4, "#!/usr/bin/env ruby\n#--\n# tsort.rb - provides a module for topological sorting and strongly connected components.\n#++\n#\n\n#\n# TSort implements topological sorting using Tarjan's algorithm for\n# strongly connected components.\n#\n# TSort is designed to be able", 0x1000)		 = 4096 0
read_nocancel(0x4, "#tsort method.\n  # <tt><em>obj</em>.tsort_each</tt> is similar to <tt><em>obj</em>.tsort.each</tt>, but\n  # modification of _obj_ during the iteration may lead to unexpected results.\n  #\n  # #tsort_each returns +nil+.\n  # If there is a cycle, TSort::Cyclic", 0x1000)		 = 4089 0
read_nocancel(0x4, "_component {|component| result << component}\n    result\n  end\n\n  #\n  # The iterator version of the #strongly_connected_components method.\n  # <tt><em>obj</em>.each_strongly_connected_component</tt> is similar to\n  # <tt><em>obj</em>.strongly_connected_comp", 0x1000)		 = 0 0
close_nocancel(0x4)		 = 0 0
stat64("/Users/aaron/.rvm/rubies/ruby-1.8.7-p334/lib/ruby/site_ruby/1.8/rbconfig.rb\0", 0x7FFF5FBFE110, 0x0)		 = -1 Err#2
stat64("/Users/aaron/.rvm/rubies/ruby-1.8.7-p334/lib/ruby/site_ruby/1.8/rbconfig.bundle\0", 0x7FFF5FBFE110, 0x0)		 = -1 Err#2
stat64("/Users/aaron/.rvm/rubies/ruby-1.8.7-p334/lib/ruby/site_ruby/1.8/i686-darwin10.7.0/rbconfig.rb\0", 0x7FFF5FBFE110, 0x0)		 = -1 Err#2
stat64("/Users/aaron/.rvm/rubies/ruby-1.8.7-p334/lib/ruby/site_ruby/1.8/i686-darwin10.7.0/rbconfig.bundle\0", 0x7FFF5FBFE110, 0x0)		 = -1 Err#2
stat64("/Users/aaron/.rvm/rubies/ruby-1.8.7-p334/lib/ruby/site_ruby/rbconfig.rb\0", 0x7FFF5FBFE110, 0x0)		 = -1 Err#2
stat64("/Users/aaron/.rvm/rubies/ruby-1.8.7-p334/lib/ruby/site_ruby/rbconfig.bundle\0", 0x7FFF5FBFE110, 0x0)		 = -1 Err#2
stat64("/Users/aaron/.rvm/rubies/ruby-1.8.7-p334/lib/ruby/vendor_ruby/1.8/rbconfig.rb\0", 0x7FFF5FBFE110, 0x0)		 = -1 Err#2
stat64("/Users/aaron/.rvm/rubies/ruby-1.8.7-p334/lib/ruby/vendor_ruby/1.8/rbconfig.bundle\0", 0x7FFF5FBFE110, 0x0)		 = -1 Err#2
stat64("/Users/aaron/.rvm/rubies/ruby-1.8.7-p334/lib/ruby/vendor_ruby/1.8/i686-darwin10.7.0/rbconfig.rb\0", 0x7FFF5FBFE110, 0x0)		 = -1 Err#2
stat64("/Users/aaron/.rvm/rubies/ruby-1.8.7-p334/lib/ruby/vendor_ruby/1.8/i686-darwin10.7.0/rbconfig.bundle\0", 0x7FFF5FBFE110, 0x0)		 = -1 Err#2
stat64("/Users/aaron/.rvm/rubies/ruby-1.8.7-p334/lib/ruby/vendor_ruby/rbconfig.rb\0", 0x7FFF5FBFE110, 0x0)		 = -1 Err#2
stat64("/Users/aaron/.rvm/rubies/ruby-1.8.7-p334/lib/ruby/vendor_ruby/rbconfig.bundle\0", 0x7FFF5FBFE110, 0x0)		 = -1 Err#2
stat64("/Users/aaron/.rvm/rubies/ruby-1.8.7-p334/lib/ruby/1.8/rbconfig.rb\0", 0x7FFF5FBFE110, 0x0)		 = -1 Err#2
stat64("/Users/aaron/.rvm/rubies/ruby-1.8.7-p334/lib/ruby/1.8/rbconfig.bundle\0", 0x7FFF5FBFE110, 0x0)		 = -1 Err#2
stat64("/Users/aaron/.rvm/rubies/ruby-1.8.7-p334/lib/ruby/1.8/i686-darwin10.7.0/rbconfig.rb\0", 0x7FFF5FBFE110, 0x0)		 = 0 0
open("/Users/aaron/.rvm/rubies/ruby-1.8.7-p334/lib/ruby/1.8/i686-darwin10.7.0/rbconfig.rb\0", 0x0, 0x1000E14A0)		 = 4 0
fstat64(0x4, 0x7FFF5FBFE130, 0x0)		 = 0 0
close(0x4)		 = 0 0
stat64("/Users/aaron/.rvm/rubies/ruby-1.8.7-p334/lib/ruby/site_ruby/1.8/rbconfig.rb\0", 0x7FFF5FBFE130, 0x0)		 = -1 Err#2
stat64("/Users/aaron/.rvm/rubies/ruby-1.8.7-p334/lib/ruby/site_ruby/1.8/i686-darwin10.7.0/rbconfig.rb\0", 0x7FFF5FBFE130, 0x0)		 = -1 Err#2
stat64("/Users/aaron/.rvm/rubies/ruby-1.8.7-p334/lib/ruby/site_ruby/rbconfig.rb\0", 0x7FFF5FBFE130, 0x0)		 = -1 Err#2
stat64("/Users/aaron/.rvm/rubies/ruby-1.8.7-p334/lib/ruby/vendor_ruby/1.8/rbconfig.rb\0", 0x7FFF5FBFE130, 0x0)		 = -1 Err#2
stat64("/Users/aaron/.rvm/rubies/ruby-1.8.7-p334/lib/ruby/vendor_ruby/1.8/i686-darwin10.7.0/rbconfig.rb\0", 0x7FFF5FBFE130, 0x0)		 = -1 Err#2
stat64("/Users/aaron/.rvm/rubies/ruby-1.8.7-p334/lib/ruby/vendor_ruby/rbconfig.rb\0", 0x7FFF5FBFE130, 0x0)		 = -1 Err#2
stat64("/Users/aaron/.rvm/rubies/ruby-1.8.7-p334/lib/ruby/1.8/rbconfig.rb\0", 0x7FFF5FBFE130, 0x0)		 = -1 Err#2
stat64("/Users/aaron/.rvm/rubies/ruby-1.8.7-p334/lib/ruby/1.8/i686-darwin10.7.0/rbconfig.rb\0", 0x7FFF5FBFE130, 0x0)		 = 0 0
open("/Users/aaron/.rvm/rubies/ruby-1.8.7-p334/lib/ruby/1.8/i686-darwin10.7.0/rbconfig.rb\0", 0x0, 0x1000E14A0)		 = 4 0
fstat64(0x4, 0x7FFF5FBFE150, 0x0)		 = 0 0
close(0x4)		 = 0 0
open("/Users/aaron/.rvm/rubies/ruby-1.8.7-p334/lib/ruby/1.8/i686-darwin10.7.0/rbconfig.rb\0", 0x0, 0x10027B850)		 = 4 0
fstat64(0x4, 0x7FFF5FBFDF80, 0x0)		 = 0 0
close(0x4)		 = 0 0
open_nocancel("/Users/aaron/.rvm/rubies/ruby-1.8.7-p334/lib/ruby/1.8/i686-darwin10.7.0/rbconfig.rb\0", 0x0, 0x1B6)		 = 4 0
close_nocancel(0x4)		 = 0 0
open_nocancel("/Users/aaron/.rvm/rubies/ruby-1.8.7-p334/lib/ruby/1.8/i686-darwin10.7.0/rbconfig.rb\0", 0x0, 0x1B6)		 = 4 0
fstat64(0x4, 0x7FFF5FBFD390, 0x7FFF5FBFD45C)		 = 0 0
read_nocancel(0x4, "\n# This file was created by mkconfig.rb when ruby was built.  Any\n# changes made to this file will be lost the next time ruby is built.\n\nmodule Config\n  RUBY_VERSION == \"1.8.7\" or\n    raise \"ruby lib version (1.8.7) doesn't match executable version (#{RUBY", 0x1000)		 = 4096 0
read_nocancel(0x4, "u\"] = \"i686\"\n  CONFIG[\"host\"] = \"i686-apple-darwin10.7.0\"\n  CONFIG[\"build_os\"] = \"darwin10.7.0\"\n  CONFIG[\"build_vendor\"] = \"apple\"\n  CONFIG[\"build_cpu\"] = \"i686\"\n  CONFIG[\"build\"] = \"i686-apple-darwin10.7.0\"\n  CONFIG[\"TEENY\"] = \"7\"\n  CONFIG[\"MINOR\"] = \"8\"\n", 0x1000)		 = 2644 0
read_nocancel(0x4, "  CONFIG[\"docdir\"] = \"$(datarootdir)/doc/$(PACKAGE)\"\n  CONFIG[\"oldincludedir\"] = \"/usr/include\"\n  CONFIG[\"includedir\"] = \"$(prefix)/include\"\n  CONFIG[\"localstatedir\"] = \"$(prefix)/var\"\n  CONFIG[\"sharedstatedir\"] = \"$(prefix)/com\"\n  CONFIG[\"sysconfdir\"] = \"", 0x1000)		 = 0 0
close_nocancel(0x4)		 = 0 0
stat64("/Users/aaron/.rvm/rubies/ruby-1.8.7-p334/lib/ruby/site_ruby/1.8/rubygems/exceptions.rb\0", 0x7FFF5FBFE0F0, 0x0)		 = 0 0
open("/Users/aaron/.rvm/rubies/ruby-1.8.7-p334/lib/ruby/site_ruby/1.8/rubygems/exceptions.rb\0", 0x0, 0x1000E14A0)		 = 4 0
fstat64(0x4, 0x7FFF5FBFE110, 0x0)		 = 0 0
close(0x4)		 = 0 0
stat64("/Users/aaron/.rvm/rubies/ruby-1.8.7-p334/lib/ruby/site_ruby/1.8/rubygems/exceptions.rb\0", 0x7FFF5FBFE110, 0x0)		 = 0 0
open("/Users/aaron/.rvm/rubies/ruby-1.8.7-p334/lib/ruby/site_ruby/1.8/rubygems/exceptions.rb\0", 0x0, 0x1000E14A0)		 = 4 0
fstat64(0x4, 0x7FFF5FBFE130, 0x0)		 = 0 0
close(0x4)		 = 0 0
open("/Users/aaron/.rvm/rubies/ruby-1.8.7-p334/lib/ruby/site_ruby/1.8/rubygems/exceptions.rb\0", 0x0, 0x100255B40)		 = 4 0
fstat64(0x4, 0x7FFF5FBFDF60, 0x0)		 = 0 0
close(0x4)		 = 0 0
open_nocancel("/Users/aaron/.rvm/rubies/ruby-1.8.7-p334/lib/ruby/site_ruby/1.8/rubygems/exceptions.rb\0", 0x0, 0x1B6)		 = 4 0
close_nocancel(0x4)		 = 0 0
open_nocancel("/Users/aaron/.rvm/rubies/ruby-1.8.7-p334/lib/ruby/site_ruby/1.8/rubygems/exceptions.rb\0", 0x0, 0x1B6)		 = 4 0
fstat64(0x4, 0x7FFF5FBFD370, 0x7FFF5FBFD43C)		 = 0 0
read_nocancel(0x4, "##\n# Base exception class for RubyGems.  All exception raised by RubyGems are a\n# subclass of this one.\nclass Gem::Exception < RuntimeError; end\n\nclass Gem::CommandLineError < Gem::Exception; end\n\nclass Gem::DependencyError < Gem::Exception; end\n\nclass Gem", 0x1000)		 = 2393 0
read_nocancel(0x4, "er(\"You don't have write permissions into the #{path} directory.\")\n  end\nend\n\n##\n# Used to raise parsing and loading errors\nclass Gem::FormatException < Gem::Exception\n  attr_accessor :file_path\nend\n\nclass Gem::GemNotFoundException < Gem::Exception\n  def i", 0x1000)		 = 0 0
close_nocancel(0x4)		 = 0 0
stat64("/Users/aaron/.rvm/rubies/ruby-1.8.7-p334/lib/ruby/site_ruby/1.8/rubygems/defaults/operating_system.rb\0", 0x7FFF5FBFD9B0, 0x0)		 = -1 Err#2
stat64("/Users/aaron/.rvm/rubies/ruby-1.8.7-p334/lib/ruby/site_ruby/1.8/rubygems/defaults/operating_system.bundle\0", 0x7FFF5FBFD9B0, 0x0)		 = -1 Err#2
stat64("/Users/aaron/.rvm/rubies/ruby-1.8.7-p334/lib/ruby/site_ruby/1.8/i686-darwin10.7.0/rubygems/defaults/operating_system.rb\0", 0x7FFF5FBFD9B0, 0x0)		 = -1 Err#2
stat64("/Users/aaron/.rvm/rubies/ruby-1.8.7-p334/lib/ruby/site_ruby/1.8/i686-darwin10.7.0/rubygems/defaults/operating_system.bundle\0", 0x7FFF5FBFD9B0, 0x0)		 = -1 Err#2
stat64("/Users/aaron/.rvm/rubies/ruby-1.8.7-p334/lib/ruby/site_ruby/rubygems/defaults/operating_system.rb\0", 0x7FFF5FBFD9B0, 0x0)		 = -1 Err#2
stat64("/Users/aaron/.rvm/rubies/ruby-1.8.7-p334/lib/ruby/site_ruby/rubygems/defaults/operating_system.bundle\0", 0x7FFF5FBFD9B0, 0x0)		 = -1 Err#2
stat64("/Users/aaron/.rvm/rubies/ruby-1.8.7-p334/lib/ruby/vendor_ruby/1.8/rubygems/defaults/operating_system.rb\0", 0x7FFF5FBFD9B0, 0x0)		 = -1 Err#2
stat64("/Users/aaron/.rvm/rubies/ruby-1.8.7-p334/lib/ruby/vendor_ruby/1.8/rubygems/defaults/operating_system.bundle\0", 0x7FFF5FBFD9B0, 0x0)		 = -1 Err#2
stat64("/Users/aaron/.rvm/rubies/ruby-1.8.7-p334/lib/ruby/vendor_ruby/1.8/i686-darwin10.7.0/rubygems/defaults/operating_system.rb\0", 0x7FFF5FBFD9B0, 0x0)		 = -1 Err#2
stat64("/Users/aaron/.rvm/rubies/ruby-1.8.7-p334/lib/ruby/vendor_ruby/1.8/i686-darwin10.7.0/rubygems/defaults/operating_system.bundle\0", 0x7FFF5FBFD9B0, 0x0)		 = -1 Err#2
stat64("/Users/aaron/.rvm/rubies/ruby-1.8.7-p334/lib/ruby/vendor_ruby/rubygems/defaults/operating_system.rb\0", 0x7FFF5FBFD9B0, 0x0)		 = -1 Err#2
stat64("/Users/aaron/.rvm/rubies/ruby-1.8.7-p334/lib/ruby/vendor_ruby/rubygems/defaults/operating_system.bundle\0", 0x7FFF5FBFD9B0, 0x0)		 = -1 Err#2
stat64("/Users/aaron/.rvm/rubies/ruby-1.8.7-p334/lib/ruby/1.8/rubygems/defaults/operating_system.rb\0", 0x7FFF5FBFD9B0, 0x0)		 = -1 Err#2
stat64("/Users/aaron/.rvm/rubies/ruby-1.8.7-p334/lib/ruby/1.8/rubygems/defaults/operating_system.bundle\0", 0x7FFF5FBFD9B0, 0x0)		 = -1 Err#2
stat64("/Users/aaron/.rvm/rubies/ruby-1.8.7-p334/lib/ruby/1.8/i686-darwin10.7.0/rubygems/defaults/operating_system.rb\0", 0x7FFF5FBFD9B0, 0x0)		 = -1 Err#2
stat64("/Users/aaron/.rvm/rubies/ruby-1.8.7-p334/lib/ruby/1.8/i686-darwin10.7.0/rubygems/defaults/operating_system.bundle\0", 0x7FFF5FBFD9B0, 0x0)		 = -1 Err#2
stat64("./rubygems/defaults/operating_system.rb\0", 0x7FFF5FBFD9B0, 0x0)		 = -1 Err#2
stat64("./rubygems/defaults/operating_system.bundle\0", 0x7FFF5FBFD9B0, 0x0)		 = -1 Err#2
sigprocmask(0x3, 0x1000FDAE0, 0x0)		 = 0x0 0
stat64("/Users/aaron/.rvm/rubies/ruby-1.8.7-p334/lib/ruby/site_ruby/1.8/rubygems/custom_require.rb\0", 0x7FFF5FBFE0D0, 0x0)		 = 0 0
open("/Users/aaron/.rvm/rubies/ruby-1.8.7-p334/lib/ruby/site_ruby/1.8/rubygems/custom_require.rb\0", 0x0, 0x1000E14A0)		 = 4 0
fstat64(0x4, 0x7FFF5FBFE0F0, 0x0)		 = 0 0
close(0x4)		 = 0 0
stat64("/Users/aaron/.rvm/rubies/ruby-1.8.7-p334/lib/ruby/site_ruby/1.8/rubygems/custom_require.rb\0", 0x7FFF5FBFE0F0, 0x0)		 = 0 0
open("/Users/aaron/.rvm/rubies/ruby-1.8.7-p334/lib/ruby/site_ruby/1.8/rubygems/custom_require.rb\0", 0x0, 0x1000E14A0)		 = 4 0
fstat64(0x4, 0x7FFF5FBFE110, 0x0)		 = 0 0
close(0x4)		 = 0 0
open("/Users/aaron/.rvm/rubies/ruby-1.8.7-p334/lib/ruby/site_ruby/1.8/rubygems/custom_require.rb\0", 0x0, 0x100263010)		 = 4 0
fstat64(0x4, 0x7FFF5FBFDF40, 0x0)		 = 0 0
close(0x4)		 = 0 0
open_nocancel("/Users/aaron/.rvm/rubies/ruby-1.8.7-p334/lib/ruby/site_ruby/1.8/rubygems/custom_require.rb\0", 0x0, 0x1B6)		 = 4 0
close_nocancel(0x4)		 = 0 0
open_nocancel("/Users/aaron/.rvm/rubies/ruby-1.8.7-p334/lib/ruby/site_ruby/1.8/rubygems/custom_require.rb\0", 0x0, 0x1B6)		 = 4 0
fstat64(0x4, 0x7FFF5FBFD350, 0x7FFF5FBFD41C)		 = 0 0
read_nocancel(0x4, "#--\n# Copyright 2006 by Chad Fowler, Rich Kilmer, Jim Weirich and others.\n# All rights reserved.\n# See LICENSE.txt for permissions.\n#++\n\nmodule Kernel\n\n  if defined?(gem_original_require) then\n    # Ruby ships with a custom_require, override its require\n  ", 0x1000)		 = 1856 0
read_nocancel(0x4, " gem is activated (added to the\n  #   loadpath).\n  #\n  # The normal <tt>require</tt> functionality of returning false if\n  # that file has already been loaded is preserved.\n\n  def require path\n    if Gem.unresolved_deps.empty? or Gem.loaded_path? path then", 0x1000)		 = 0 0
close_nocancel(0x4)		 = 0 0
sigaction(0x2, 0x7FFF5FBFF310, 0x7FFF5FBFF340)		 = 0 0
getpid(0x7FFF5FBFF350, 0x7FFFFFE00050, 0x0)		 = 48863 0
open_nocancel("/dev/urandom\0", 0x0, 0x0)		 = 4 0
read_nocancel(0x4, "i\375\350E)\355~\020|0\245\177\367\035\243\321&tor\340\335\214\230\205\ai\346i\027\356k\256\364f8\256{\240\024\377\330A3\256\3770\212\274\264\035'\257\260\277\356\a\251\370\324K\037\240JOf\262\350\016R\031\337A\377\330_\327\201\332'\370\352\271\002<&\227-\377\\\355Q\317\312{\006\203\370O\033\213\376\254) +e.\0", 0x6C)		 = 108 0
close_nocancel(0x4)		 = 0 0
issetugid(0x100000000, 0x7FFF5FBFF648, 0x7FFF5FC40530)		 = 0 0
geteuid(0x100000000, 0x7FFF5FBFF648, 0x0)		 = 0 0
__sysctl(0x7FFF5FBFD240, 0x2, 0x7FFF5FBFD200)		 = 0 0
__sysctl(0x7FFF5FBFD200, 0x2, 0x7FFF5FBFD29C)		 = 0 0
shared_region_check_np(0x7FFF5FBFD408, 0x0, 0x7FFF5FC1DC86)		 = 0 0
stat64("/usr/lib/dtrace/libdtrace_dyld.dylib\0", 0x7FFF5FBFC810, 0x7FFF5FBFCE50)		 = 0 0
open("/usr/lib/dtrace/libdtrace_dyld.dylib\0", 0x0, 0x0)		 = 4 0
pread(0x4, "\312\376\272\276\0", 0x1000, 0x0)		 = 4096 0
pread(0x4, "\317\372\355\376\a\0", 0x1000, 0x1000)		 = 4096 0
mmap(0x100004000, 0x2000, 0x5, 0x12, 0x4, 0x7FFF00000001)		 = 0x4000 0
mmap(0x100006000, 0x1000, 0x3, 0x12, 0x4, 0x7FFF00000001)		 = 0x6000 0
mmap(0x100007000, 0x1F10, 0x1, 0x12, 0x4, 0x7FFF00000001)		 = 0x7000 0
close(0x4)		 = 0 0
stat64("/Users/aaron/.rvm/rubies/ruby-1.8.7-p334/lib/libruby.dylib\0", 0x7FFF5FBFC590, 0x7FFF5FBFCBD0)		 = 0 0
open("/Users/aaron/.rvm/rubies/ruby-1.8.7-p334/lib/libruby.dylib\0", 0x0, 0x0)		 = 4 0
pread(0x4, "\317\372\355\376\a\0", 0x1000, 0x0)		 = 4096 0
mmap(0x100009000, 0xD5000, 0x5, 0x12, 0x4, 0x7FFF00000001)		 = 0x9000 0
mmap(0x1000DE000, 0x4000, 0x3, 0x12, 0x4, 0x7FFF00000001)		 = 0xDE000 0
mmap(0x1000FF000, 0x52C08, 0x1, 0x12, 0x4, 0x7FFF00000001)		 = 0xFF000 0
fcntl(0x4, 0x2C, 0x7FFF5FBFA8A0)		 = 0 0
close(0x4)		 = 0 0
stat64("/usr/lib/libSystem.B.dylib\0", 0x7FFF5FBFC590, 0x7FFF5FBFCBD0)		 = 0 0
stat64("/usr/lib/libobjc.A.dylib\0", 0x7FFF5FBFC590, 0x7FFF5FBFCBD0)		 = 0 0
stat64("/usr/lib/system/libmathCommon.A.dylib\0", 0x7FFF5FBFC2F0, 0x7FFF5FBFC930)		 = 0 0
stat64("/usr/lib/libauto.dylib\0", 0x7FFF5FBFC410, 0x7FFF5FBFCA50)		 = 0 0
stat64("/usr/lib/libstdc++.6.dylib\0", 0x7FFF5FBFC410, 0x7FFF5FBFCA50)		 = 0 0
ioctl(0x4, 0x80086804, 0x7FFF5FBFD1A0)		 = 0 0
close(0x4)		 = 0 0
__sysctl(0x7FFF5FBFD090, 0x2, 0x7FFF5FBFD080)		 = 0 0
bsdthread_register(0x7FFF856A539C, 0x7FFF85685FB8, 0x2000)		 = 0 0
thread_selfid(0x7FFF856A539C, 0x7FFF85685FB8, 0x0)		 = 367528 0
open_nocancel("/dev/urandom\0", 0x0, 0x7FFF70A6EBE0)		 = 4 0
read_nocancel(0x4, "\221\362$\005\236Z\323\244\250n\246\3420\253\2329\017\355\234\361\216\314Oz\036\024\270\334\037\246q\377\260\031\032\263\265\025\276\232^7\316\322p\266\003\303\2163=l\205\247\0", 0x40)		 = 64 0
close_nocancel(0x4)		 = 0 0
mmap(0x0, 0x3000, 0x3, 0x1002, 0x1000000, 0x7FFF00000001)		 = 0x152000 0
__sysctl(0x7FFF5FBFCF10, 0x2, 0x7FFF5FBFCED0)		 = 0 0
__sysctl(0x7FFF5FBFCED0, 0x2, 0x7FFF5FBFCF68)		 = 0 0
getpid(0x7FFF5FBFCE60, 0x7FFFFFE00050, 0x0)		 = 48863 0
open_nocancel("/dev/urandom\0", 0x0, 0x0)		 = 4 0
read_nocancel(0x4, "\205C\350~x\323j\314\351\bH\021L\240fz/\034K\032q\3158B\225b\346^\353\301\0225\273Q\325\347p\245\2362\263\227\204r\330\221q}|\236\307\267\016\372\346\036\365\315^\227w\3506\312LE\\J5w\300\203\027\225\325&C\022~ \t9{e_\342\azblh`\321d\302+\362>\200/\214(EU\376 {\335\0", 0x6C)		 = 108 0
close_nocancel(0x4)		 = 0 0
__sysctl(0x7FFF5FBFCF10, 0x2, 0x7FFF5FBFCF3C)		 = 0 0
mmap(0x0, 0x17000, 0x3, 0x1002, 0x1000000, 0x7FFF00000001)		 = 0x155000 0
mmap(0x0, 0x17000, 0x3, 0x1002, 0x1000000, 0x7FFF00000001)		 = 0x16C000 0
mmap(0x0, 0x1000, 0x3, 0x1002, 0x1000000, 0x7FFF00000001)		 = 0x183000 0
mmap(0x0, 0x200000, 0x3, 0x1002, 0x7000000, 0x7FFF00000001)		 = 0x184000 0
munmap(0x100184000, 0x7C000)		 = 0 0
munmap(0x100300000, 0x84000)		 = 0 0
__sysctl(0x7FFF5FBFD070, 0x2, 0x7FFF5FBFD030)		 = 0 0
__sysctl(0x7FFF5FBFD030, 0x2, 0x7FFF70A7B760)		 = 0 0
__sysctl(0x7FFF5FBFD070, 0x2, 0x7FFF5FBFD030)		 = 0 0
__sysctl(0x7FFF5FBFD030, 0x2, 0x7FFF70A7B764)		 = 0 0
__sysctl(0x7FFF5FBFD070, 0x2, 0x7FFF5FBFD030)		 = 0 0
__sysctl(0x7FFF5FBFD030, 0x2, 0x7FFF70A7B768)		 = 0 0
mmap(0x0, 0x3000, 0x3, 0x1002, 0x1000000, 0x7FFF00000001)		 = 0x184000 0
__sysctl(0x7FFF5FBFD040, 0x2, 0x7FFF5FBFD000)		 = 0 0
__sysctl(0x7FFF5FBFD000, 0x2, 0x7FFF5FBFD098)		 = 0 0
__sysctl(0x7FFF5FBFD040, 0x2, 0x7FFF5FBFD06C)		 = 0 0
mmap(0x0, 0x17000, 0x3, 0x1002, 0x1000000, 0x7FFF00000001)		 = 0x187000 0
mmap(0x0, 0x17000, 0x3, 0x1002, 0x1000000, 0x7FFF00000001)		 = 0x19E000 0
mmap(0x0, 0x200000, 0x3, 0x1002, 0x7000000, 0x7FFF00000001)		 = 0x300000 0
munmap(0x100400000, 0x100000)		 = 0 0

