SYSCALL(args) 		 = return
madvise(0x7FFF896EF000, 0x2000, 0x5)		 = 0 0
open("/dev/dtracehelper\0", 0x2, 0x7FFF5FC45490)		 = 3 0
issetugid(0x7FFF8699F8AC, 0x7FFF5FBFD25C, 0x7FFF5FBFF6D8)		 = 0 0
stat64("/System/Library/Frameworks/CoreFoundation.framework/CoreFoundation\0", 0x7FFF5FBFC320, 0x7FFF5FBFC960)		 = 0 0
mmap(0x0, 0x1000000, 0x3, 0x1002, 0x2000000, 0x0)		 = 0x400000 0
munmap(0x100400000, 0x400000)		 = 0 0
munmap(0x101000000, 0x400000)		 = 0 0
getrlimit(0x1003, 0x7FFF5FBFF660, 0x7FFF5FBFF6D8)		 = 0 0
mmap(0x0, 0x62000, 0x3, 0x1002, 0x3000000, 0x0)		 = 0x400000 0
mmap(0x0, 0x1000, 0x3, 0x1002, 0x3000000, 0x0)		 = 0x1AA000 0
open("/dev/urandom\0", 0x20104, 0x24)		 = 3 0
fstat64(0x3, 0x7FFF5FBFF470, 0x0)		 = 0 0
read(0x3, "\032)]\251\262N5\301\2460\371\236\315\221\314\037\270f\313{J\306\247\330\232K%\b\n\r~\004\0", 0x20)		 = 32 0
close(0x3)		 = 0 0
sigaction(0x2, 0x7FFF5FBFF4B0, 0x7FFF5FBFF4E0)		 = 0 0
sigaction(0x1, 0x7FFF5FBFF4B0, 0x7FFF5FBFF4E0)		 = 0 0
sigaction(0x3, 0x7FFF5FBFF4B0, 0x7FFF5FBFF4E0)		 = 0 0
sigaction(0xF, 0x7FFF5FBFF4B0, 0x7FFF5FBFF4E0)		 = 0 0
sigaction(0xE, 0x7FFF5FBFF4B0, 0x7FFF5FBFF4E0)		 = 0 0
sigaction(0x1E, 0x7FFF5FBFF4B0, 0x7FFF5FBFF4E0)		 = 0 0
sigaction(0x1F, 0x7FFF5FBFF4B0, 0x7FFF5FBFF4E0)		 = 0 0
sigaction(0xA, 0x7FFF5FBFF4B0, 0x7FFF5FBFF4E0)		 = 0 0
sigaction(0xB, 0x7FFF5FBFF4B0, 0x7FFF5FBFF4E0)		 = 0 0
sigaction(0xD, 0x7FFF5FBFF4B0, 0x7FFF5FBFF4E0)		 = 0 0
sigprocmask(0x1, 0x7FFF5FBFF53C, 0x7FFF5FBFF53C)		 = 0x0 0
sigaction(0x14, 0x7FFF5FBFF4D0, 0x7FFF5FBFF500)		 = 0 0
sigprocmask(0x3, 0x7FFF5FBFF53C, 0x0)		 = 0x0 0
geteuid(0x0, 0x10023752, 0x100237080)		 = 0 0
getegid(0x0, 0x10023752, 0x0)		 = 0 0
getuid(0x0, 0x10023E97, 0x10022EF20)		 = 0 0
geteuid(0x0, 0x10023E97, 0x0)		 = 0 0
getgid(0x0, 0x10023E97, 0x0)		 = 0 0
getegid(0x0, 0x10023E97, 0x0)		 = 0 0
getrlimit(0x1008, 0x7FFF5FBFF320, 0x7FFF8566F80C)		 = 0 0
open_nocancel("/var/folders/xh/xhUg+BgeHp8hhi8Kt3qIKU+++TM/-Tmp-/foo.rb20110611-61574-8feijl-0\0", 0x0, 0x1B6)		 = 3 0
close_nocancel(0x3)		 = 0 0
open_nocancel("/var/folders/xh/xhUg+BgeHp8hhi8Kt3qIKU+++TM/-Tmp-/foo.rb20110611-61574-8feijl-0\0", 0x0, 0x1B6)		 = 3 0
fstat64(0x3, 0x7FFF5FBFF2B0, 0x7FFF5FBFF37C)		 = 0 0
read_nocancel(0x3, "require 'rubygems'\n\0", 0x1000)		 = 19 0
read_nocancel(0x3, "\0", 0x1000)		 = 0 0
close_nocancel(0x3)		 = 0 0
stat64("/Users/aaron/.ruby18/lib/ruby/site_ruby/1.8/rubygems.rb\0", 0x7FFF5FBFEC50, 0x0)		 = 0 0
open("/Users/aaron/.ruby18/lib/ruby/site_ruby/1.8/rubygems.rb\0", 0x0, 0x1000D4EA0)		 = 3 0
fstat64(0x3, 0x7FFF5FBFEC70, 0x0)		 = 0 0
close(0x3)		 = 0 0
stat64("/Users/aaron/.ruby18/lib/ruby/site_ruby/1.8/rubygems.rb\0", 0x7FFF5FBFEC70, 0x0)		 = 0 0
open("/Users/aaron/.ruby18/lib/ruby/site_ruby/1.8/rubygems.rb\0", 0x0, 0x1000D4EA0)		 = 3 0
fstat64(0x3, 0x7FFF5FBFEC90, 0x0)		 = 0 0
close(0x3)		 = 0 0
open("/Users/aaron/.ruby18/lib/ruby/site_ruby/1.8/rubygems.rb\0", 0x0, 0x10023F9C0)		 = 3 0
fstat64(0x3, 0x7FFF5FBFEAC0, 0x0)		 = 0 0
close(0x3)		 = 0 0
open_nocancel("/Users/aaron/.ruby18/lib/ruby/site_ruby/1.8/rubygems.rb\0", 0x0, 0x1B6)		 = 3 0
close_nocancel(0x3)		 = 0 0
open_nocancel("/Users/aaron/.ruby18/lib/ruby/site_ruby/1.8/rubygems.rb\0", 0x0, 0x1B6)		 = 3 0
fstat64(0x3, 0x7FFF5FBFDED0, 0x7FFF5FBFDF9C)		 = 0 0
read_nocancel(0x3, "# -*- ruby -*-\n#--\n# Copyright 2006 by Chad Fowler, Rich Kilmer, Jim Weirich and others.\n# All rights reserved.\n# See LICENSE.txt for permissions.\n#++\n\nmodule Gem\n  QUICKLOADER_SUCKAGE = RUBY_VERSION =~ /^1\\.9\\.1/\n  GEM_PRELUDE_SUCKAGE = RUBY_VERSION =~ /^", 0x1000)		 = 4096 0
read_nocancel(0x3, " with\n  # already activated gems or that RubyGems is otherwise unable to activate.\n\n  class LoadError < ::LoadError\n    # Name of gem\n    attr_accessor :name\n\n    # Version requirement of gem\n    attr_accessor :requirement\n\n    def version_requirement\n    ", 0x1000)		 = 4096 0
read_nocancel(0x3, "        msg << \"#{stack_message.inspect}\"\n\n         e = Gem::LoadError.new msg\n         e.name = gem.name\n         e.requirement = gem.requirement\n\n         raise e\n      end\n\n      return false\n    end\n\n    # new load\n    spec = matches.last\n    return fa", 0x1000)		 = 4096 0
read_nocancel(0x3, " name.  If the\n  # package is not available as a gem, return nil.\n\n  def self.datadir(gem_name)\n    spec = @loaded_specs[gem_name]\n    return nil if spec.nil?\n    File.join(spec.full_gem_path, 'data', gem_name)\n  end\n\n  ##\n  # A Zlib::Deflate.deflate wrapp", 0x1000)		 = 4096 0
read_nocancel(0x3, " self.host\n    @host ||= \"https://rubygems.org\"\n  end\n\n  ## Set the default RubyGems API host.\n\n  def self.host= host\n    @host = host\n  end\n\n  ##\n  # Return a list of all possible load paths for the latest version for all\n  # gems in the Gem installation.", 0x1000)		 = 4096 0
read_nocancel(0x3, "he spec that will be uninstalled when Gem::Uninstaller#uninstall is\n  # called\n\n  def self.pre_uninstall(&hook)\n    @pre_uninstall_hooks << hook\n  end\n\n  ##\n  # The directory prefix this RubyGems was installed at.\n\n  def self.prefix\n    dir = File.dirname ", 0x1000)		 = 4096 0
read_nocancel(0x3, "= gpaths.split(File::PATH_SEPARATOR)\n\n      if File::ALT_SEPARATOR then\n        @gem_path.map! do |path|\n          path.gsub File::ALT_SEPARATOR, File::SEPARATOR\n        end\n      end\n\n      @gem_path << Gem.dir\n    else\n      # TODO: should this be Gem.de", 0x1000)		 = 4096 0
read_nocancel(0x3, "attr_reader :post_install_hooks\n\n    ##\n    # The list of hooks to be run before Gem::Uninstall#uninstall does any\n    # work\n\n    attr_reader :post_uninstall_hooks\n\n    ##\n    # The list of hooks to be run after Gem::Install#install is finished\n\n    attr_", 0x1000)		 = 3772 0
read_nocancel(0x3, "/gem_path_searcher'\n  autoload :SpecFetcher, 'rubygems/spec_fetcher'\n  autoload :Specification, 'rubygems/specification'\n  autoload :Cache, 'rubygems/source_index'\n  autoload :SourceIndex, 'rubygems/source_index'\n  autoload :Platform, 'rubygems/platform'\n ", 0x1000)		 = 0 0
close_nocancel(0x3)		 = 0 0
stat64("/Users/aaron/.ruby18/lib/ruby/site_ruby/1.8/rubygems/defaults.rb\0", 0x7FFF5FBFE2E0, 0x0)		 = 0 0
open("/Users/aaron/.ruby18/lib/ruby/site_ruby/1.8/rubygems/defaults.rb\0", 0x0, 0x1000D4EA0)		 = 3 0
fstat64(0x3, 0x7FFF5FBFE300, 0x0)		 = 0 0
close(0x3)		 = 0 0
stat64("/Users/aaron/.ruby18/lib/ruby/site_ruby/1.8/rubygems/defaults.rb\0", 0x7FFF5FBFE300, 0x0)		 = 0 0
open("/Users/aaron/.ruby18/lib/ruby/site_ruby/1.8/rubygems/defaults.rb\0", 0x0, 0x1000D4EA0)		 = 3 0
fstat64(0x3, 0x7FFF5FBFE320, 0x0)		 = 0 0
close(0x3)		 = 0 0
open("/Users/aaron/.ruby18/lib/ruby/site_ruby/1.8/rubygems/defaults.rb\0", 0x0, 0x100273980)		 = 3 0
fstat64(0x3, 0x7FFF5FBFE150, 0x0)		 = 0 0
close(0x3)		 = 0 0
open_nocancel("/Users/aaron/.ruby18/lib/ruby/site_ruby/1.8/rubygems/defaults.rb\0", 0x0, 0x1B6)		 = 3 0
close_nocancel(0x3)		 = 0 0
open_nocancel("/Users/aaron/.ruby18/lib/ruby/site_ruby/1.8/rubygems/defaults.rb\0", 0x0, 0x1B6)		 = 3 0
fstat64(0x3, 0x7FFF5FBFD560, 0x7FFF5FBFD62C)		 = 0 0
read_nocancel(0x3, "module Gem\n\n  @post_install_hooks   ||= []\n  @post_uninstall_hooks ||= []\n  @pre_uninstall_hooks  ||= []\n  @pre_install_hooks    ||= []\n\n  ##\n  # An Array of the default sources that come with RubyGems\n\n  def self.default_sources\n    %w[http://rubygems.org", 0x1000)		 = 2202 0
read_nocancel(0x3, "# Path for gems in the user's home directory\n\n  def self.user_dir\n    File.join Gem.user_home, '.gem', ruby_engine, ConfigMap[:ruby_version]\n  end\n\n  ##\n  # Default gem load path\n\n  def self.default_path\n    if File.exist? Gem.user_home then\n      [user_di", 0x1000)		 = 0 0
close_nocancel(0x3)		 = 0 0
stat64("/Users/aaron/.ruby18/lib/ruby/site_ruby/1.8/rbconfig.rb\0", 0x7FFF5FBFE2C0, 0x0)		 = -1 Err#2
stat64("/Users/aaron/.ruby18/lib/ruby/site_ruby/1.8/rbconfig.bundle\0", 0x7FFF5FBFE2C0, 0x0)		 = -1 Err#2
stat64("/Users/aaron/.ruby18/lib/ruby/site_ruby/1.8/i686-darwin10.7.0/rbconfig.rb\0", 0x7FFF5FBFE2C0, 0x0)		 = -1 Err#2
stat64("/Users/aaron/.ruby18/lib/ruby/site_ruby/1.8/i686-darwin10.7.0/rbconfig.bundle\0", 0x7FFF5FBFE2C0, 0x0)		 = -1 Err#2
stat64("/Users/aaron/.ruby18/lib/ruby/site_ruby/rbconfig.rb\0", 0x7FFF5FBFE2C0, 0x0)		 = -1 Err#2
stat64("/Users/aaron/.ruby18/lib/ruby/site_ruby/rbconfig.bundle\0", 0x7FFF5FBFE2C0, 0x0)		 = -1 Err#2
stat64("/Users/aaron/.ruby18/lib/ruby/vendor_ruby/1.8/rbconfig.rb\0", 0x7FFF5FBFE2C0, 0x0)		 = -1 Err#2
stat64("/Users/aaron/.ruby18/lib/ruby/vendor_ruby/1.8/rbconfig.bundle\0", 0x7FFF5FBFE2C0, 0x0)		 = -1 Err#2
stat64("/Users/aaron/.ruby18/lib/ruby/vendor_ruby/1.8/i686-darwin10.7.0/rbconfig.rb\0", 0x7FFF5FBFE2C0, 0x0)		 = -1 Err#2
stat64("/Users/aaron/.ruby18/lib/ruby/vendor_ruby/1.8/i686-darwin10.7.0/rbconfig.bundle\0", 0x7FFF5FBFE2C0, 0x0)		 = -1 Err#2
stat64("/Users/aaron/.ruby18/lib/ruby/vendor_ruby/rbconfig.rb\0", 0x7FFF5FBFE2C0, 0x0)		 = -1 Err#2
stat64("/Users/aaron/.ruby18/lib/ruby/vendor_ruby/rbconfig.bundle\0", 0x7FFF5FBFE2C0, 0x0)		 = -1 Err#2
stat64("/Users/aaron/.ruby18/lib/ruby/1.8/rbconfig.rb\0", 0x7FFF5FBFE2C0, 0x0)		 = -1 Err#2
stat64("/Users/aaron/.ruby18/lib/ruby/1.8/rbconfig.bundle\0", 0x7FFF5FBFE2C0, 0x0)		 = -1 Err#2
stat64("/Users/aaron/.ruby18/lib/ruby/1.8/i686-darwin10.7.0/rbconfig.rb\0", 0x7FFF5FBFE2C0, 0x0)		 = 0 0
open("/Users/aaron/.ruby18/lib/ruby/1.8/i686-darwin10.7.0/rbconfig.rb\0", 0x0, 0x1000D4EA0)		 = 3 0
fstat64(0x3, 0x7FFF5FBFE2E0, 0x0)		 = 0 0
close(0x3)		 = 0 0
stat64("/Users/aaron/.ruby18/lib/ruby/site_ruby/1.8/rbconfig.rb\0", 0x7FFF5FBFE2E0, 0x0)		 = -1 Err#2
stat64("/Users/aaron/.ruby18/lib/ruby/site_ruby/1.8/i686-darwin10.7.0/rbconfig.rb\0", 0x7FFF5FBFE2E0, 0x0)		 = -1 Err#2
stat64("/Users/aaron/.ruby18/lib/ruby/site_ruby/rbconfig.rb\0", 0x7FFF5FBFE2E0, 0x0)		 = -1 Err#2
stat64("/Users/aaron/.ruby18/lib/ruby/vendor_ruby/1.8/rbconfig.rb\0", 0x7FFF5FBFE2E0, 0x0)		 = -1 Err#2
stat64("/Users/aaron/.ruby18/lib/ruby/vendor_ruby/1.8/i686-darwin10.7.0/rbconfig.rb\0", 0x7FFF5FBFE2E0, 0x0)		 = -1 Err#2
stat64("/Users/aaron/.ruby18/lib/ruby/vendor_ruby/rbconfig.rb\0", 0x7FFF5FBFE2E0, 0x0)		 = -1 Err#2
stat64("/Users/aaron/.ruby18/lib/ruby/1.8/rbconfig.rb\0", 0x7FFF5FBFE2E0, 0x0)		 = -1 Err#2
stat64("/Users/aaron/.ruby18/lib/ruby/1.8/i686-darwin10.7.0/rbconfig.rb\0", 0x7FFF5FBFE2E0, 0x0)		 = 0 0
open("/Users/aaron/.ruby18/lib/ruby/1.8/i686-darwin10.7.0/rbconfig.rb\0", 0x0, 0x1000D4EA0)		 = 3 0
fstat64(0x3, 0x7FFF5FBFE300, 0x0)		 = 0 0
close(0x3)		 = 0 0
open("/Users/aaron/.ruby18/lib/ruby/1.8/i686-darwin10.7.0/rbconfig.rb\0", 0x0, 0x1002782D0)		 = 3 0
fstat64(0x3, 0x7FFF5FBFE130, 0x0)		 = 0 0
close(0x3)		 = 0 0
open_nocancel("/Users/aaron/.ruby18/lib/ruby/1.8/i686-darwin10.7.0/rbconfig.rb\0", 0x0, 0x1B6)		 = 3 0
close_nocancel(0x3)		 = 0 0
open_nocancel("/Users/aaron/.ruby18/lib/ruby/1.8/i686-darwin10.7.0/rbconfig.rb\0", 0x0, 0x1B6)		 = 3 0
fstat64(0x3, 0x7FFF5FBFD540, 0x7FFF5FBFD60C)		 = 0 0
read_nocancel(0x3, "\n# This file was created by mkconfig.rb when ruby was built.  Any\n# changes made to this file will be lost the next time ruby is built.\n\nmodule Config\n  RUBY_VERSION == \"1.8.7\" or\n    raise \"ruby lib version (1.8.7) doesn't match executable version (#{RUBY", 0x1000)		 = 4096 0
mmap(0x0, 0xB0000, 0x3, 0x1002, 0x3000000, 0x1FFFFFFFF)		 = 0x462000 0
read_nocancel(0x3, "arget_alias\"] = \"\"\n  CONFIG[\"host_alias\"] = \"\"\n  CONFIG[\"build_alias\"] = \"\"\n  CONFIG[\"LIBS\"] = \"-ldl -lobjc \"\n  CONFIG[\"ECHO_T\"] = \"\"\n  CONFIG[\"ECHO_N\"] = \"\"\n  CONFIG[\"ECHO_C\"] = \"\\\\\\\\c\"\n  CONFIG[\"DEFS\"] = \"\"\n  CONFIG[\"mandir\"] = \"$(datarootdir)/man\"\n  CON", 0x1000)		 = 2353 0
read_nocancel(0x3, "= \"$(datarootdir)\"\n  CONFIG[\"datarootdir\"] = \"$(prefix)/share\"\n  CONFIG[\"libexecdir\"] = \"$(exec_prefix)/libexec\"\n  CONFIG[\"sbindir\"] = \"$(exec_prefix)/sbin\"\n  CONFIG[\"bindir\"] = \"$(exec_prefix)/bin\"\n  CONFIG[\"exec_prefix\"] = \"$(prefix)\"\n  CONFIG[\"PACKAGE_U", 0x1000)		 = 0 0
close_nocancel(0x3)		 = 0 0
stat64("/Users/aaron/.ruby18/lib/ruby/site_ruby/1.8/thread.rb\0", 0x7FFF5FBFE2A0, 0x0)		 = -1 Err#2
stat64("/Users/aaron/.ruby18/lib/ruby/site_ruby/1.8/thread.bundle\0", 0x7FFF5FBFE2A0, 0x0)		 = -1 Err#2
stat64("/Users/aaron/.ruby18/lib/ruby/site_ruby/1.8/i686-darwin10.7.0/thread.rb\0", 0x7FFF5FBFE2A0, 0x0)		 = -1 Err#2
stat64("/Users/aaron/.ruby18/lib/ruby/site_ruby/1.8/i686-darwin10.7.0/thread.bundle\0", 0x7FFF5FBFE2A0, 0x0)		 = -1 Err#2
stat64("/Users/aaron/.ruby18/lib/ruby/site_ruby/thread.rb\0", 0x7FFF5FBFE2A0, 0x0)		 = -1 Err#2
stat64("/Users/aaron/.ruby18/lib/ruby/site_ruby/thread.bundle\0", 0x7FFF5FBFE2A0, 0x0)		 = -1 Err#2
stat64("/Users/aaron/.ruby18/lib/ruby/vendor_ruby/1.8/thread.rb\0", 0x7FFF5FBFE2A0, 0x0)		 = -1 Err#2
stat64("/Users/aaron/.ruby18/lib/ruby/vendor_ruby/1.8/thread.bundle\0", 0x7FFF5FBFE2A0, 0x0)		 = -1 Err#2
stat64("/Users/aaron/.ruby18/lib/ruby/vendor_ruby/1.8/i686-darwin10.7.0/thread.rb\0", 0x7FFF5FBFE2A0, 0x0)		 = -1 Err#2
stat64("/Users/aaron/.ruby18/lib/ruby/vendor_ruby/1.8/i686-darwin10.7.0/thread.bundle\0", 0x7FFF5FBFE2A0, 0x0)		 = -1 Err#2
stat64("/Users/aaron/.ruby18/lib/ruby/vendor_ruby/thread.rb\0", 0x7FFF5FBFE2A0, 0x0)		 = -1 Err#2
stat64("/Users/aaron/.ruby18/lib/ruby/vendor_ruby/thread.bundle\0", 0x7FFF5FBFE2A0, 0x0)		 = -1 Err#2
stat64("/Users/aaron/.ruby18/lib/ruby/1.8/thread.rb\0", 0x7FFF5FBFE2A0, 0x0)		 = 0 0
open("/Users/aaron/.ruby18/lib/ruby/1.8/thread.rb\0", 0x0, 0x1000D4EA0)		 = 3 0
fstat64(0x3, 0x7FFF5FBFE2C0, 0x0)		 = 0 0
close(0x3)		 = 0 0
stat64("/Users/aaron/.ruby18/lib/ruby/site_ruby/1.8/thread.rb\0", 0x7FFF5FBFE2C0, 0x0)		 = -1 Err#2
stat64("/Users/aaron/.ruby18/lib/ruby/site_ruby/1.8/i686-darwin10.7.0/thread.rb\0", 0x7FFF5FBFE2C0, 0x0)		 = -1 Err#2
stat64("/Users/aaron/.ruby18/lib/ruby/site_ruby/thread.rb\0", 0x7FFF5FBFE2C0, 0x0)		 = -1 Err#2
stat64("/Users/aaron/.ruby18/lib/ruby/vendor_ruby/1.8/thread.rb\0", 0x7FFF5FBFE2C0, 0x0)		 = -1 Err#2
stat64("/Users/aaron/.ruby18/lib/ruby/vendor_ruby/1.8/i686-darwin10.7.0/thread.rb\0", 0x7FFF5FBFE2C0, 0x0)		 = -1 Err#2
stat64("/Users/aaron/.ruby18/lib/ruby/vendor_ruby/thread.rb\0", 0x7FFF5FBFE2C0, 0x0)		 = -1 Err#2
stat64("/Users/aaron/.ruby18/lib/ruby/1.8/thread.rb\0", 0x7FFF5FBFE2C0, 0x0)		 = 0 0
open("/Users/aaron/.ruby18/lib/ruby/1.8/thread.rb\0", 0x0, 0x1000D4EA0)		 = 3 0
fstat64(0x3, 0x7FFF5FBFE2E0, 0x0)		 = 0 0
close(0x3)		 = 0 0
open("/Users/aaron/.ruby18/lib/ruby/1.8/thread.rb\0", 0x0, 0x1002460E0)		 = 3 0
fstat64(0x3, 0x7FFF5FBFE110, 0x0)		 = 0 0
close(0x3)		 = 0 0
open_nocancel("/Users/aaron/.ruby18/lib/ruby/1.8/thread.rb\0", 0x0, 0x1B6)		 = 3 0
close_nocancel(0x3)		 = 0 0
open_nocancel("/Users/aaron/.ruby18/lib/ruby/1.8/thread.rb\0", 0x0, 0x1B6)		 = 3 0
fstat64(0x3, 0x7FFF5FBFD520, 0x7FFF5FBFD5EC)		 = 0 0
read_nocancel(0x3, "unless defined? Thread\n  fail \"Thread not available for this ruby interpreter\"\nend\n\nrequire 'thread.so'\n\0", 0x1000)		 = 104 0
read_nocancel(0x3, "\0", 0x1000)		 = 0 0
close_nocancel(0x3)		 = 0 0
stat64("/Users/aaron/.ruby18/lib/ruby/site_ruby/1.8/thread.bundle\0", 0x7FFF5FBFD950, 0x0)		 = -1 Err#2
stat64("/Users/aaron/.ruby18/lib/ruby/site_ruby/1.8/i686-darwin10.7.0/thread.bundle\0", 0x7FFF5FBFD950, 0x0)		 = -1 Err#2
stat64("/Users/aaron/.ruby18/lib/ruby/site_ruby/thread.bundle\0", 0x7FFF5FBFD950, 0x0)		 = -1 Err#2
stat64("/Users/aaron/.ruby18/lib/ruby/vendor_ruby/1.8/thread.bundle\0", 0x7FFF5FBFD950, 0x0)		 = -1 Err#2
stat64("/Users/aaron/.ruby18/lib/ruby/vendor_ruby/1.8/i686-darwin10.7.0/thread.bundle\0", 0x7FFF5FBFD950, 0x0)		 = -1 Err#2
stat64("/Users/aaron/.ruby18/lib/ruby/vendor_ruby/thread.bundle\0", 0x7FFF5FBFD950, 0x0)		 = -1 Err#2
stat64("/Users/aaron/.ruby18/lib/ruby/1.8/thread.bundle\0", 0x7FFF5FBFD950, 0x0)		 = -1 Err#2
stat64("/Users/aaron/.ruby18/lib/ruby/1.8/i686-darwin10.7.0/thread.bundle\0", 0x7FFF5FBFD950, 0x0)		 = 0 0
open("/Users/aaron/.ruby18/lib/ruby/1.8/i686-darwin10.7.0/thread.bundle\0", 0x0, 0x1000D4EA0)		 = 3 0
fstat64(0x3, 0x7FFF5FBFD970, 0x0)		 = 0 0
close(0x3)		 = 0 0
stat64("/Users/aaron/.ruby18/lib/ruby/1.8/i686-darwin10.7.0/thread.bundle\0", 0x7FFF5FBFCE90, 0x7FFF5FBFD4D0)		 = 0 0
open("/Users/aaron/.ruby18/lib/ruby/1.8/i686-darwin10.7.0/thread.bundle\0", 0x0, 0x0)		 = 3 0
pread(0x3, "\317\372\355\376\a\0", 0x1000, 0x0)		 = 4096 0
mmap(0x1001AB000, 0x4000, 0x5, 0x12, 0x3, 0x1FFFFFFFF)		 = 0x1AB000 0
mmap(0x1001AF000, 0x1000, 0x3, 0x12, 0x3, 0x1FFFFFFFF)		 = 0x1AF000 0
mmap(0x1001B0000, 0x29F8, 0x1, 0x12, 0x3, 0x1FFFFFFFF)		 = 0x1B0000 0
close(0x3)		 = 0 0
stat64("/System/Library/Frameworks/CoreFoundation.framework/CoreFoundation\0", 0x7FFF5FBFCA00, 0x7FFF5FBFD040)		 = 0 0
stat64("/Users/aaron/.ruby18/lib/ruby/site_ruby/1.8/rubygems/exceptions.rb\0", 0x7FFF5FBFE280, 0x0)		 = 0 0
open("/Users/aaron/.ruby18/lib/ruby/site_ruby/1.8/rubygems/exceptions.rb\0", 0x0, 0x1000D4EA0)		 = 3 0
fstat64(0x3, 0x7FFF5FBFE2A0, 0x0)		 = 0 0
close(0x3)		 = 0 0
stat64("/Users/aaron/.ruby18/lib/ruby/site_ruby/1.8/rubygems/exceptions.rb\0", 0x7FFF5FBFE2A0, 0x0)		 = 0 0
open("/Users/aaron/.ruby18/lib/ruby/site_ruby/1.8/rubygems/exceptions.rb\0", 0x0, 0x1000D4EA0)		 = 3 0
fstat64(0x3, 0x7FFF5FBFE2C0, 0x0)		 = 0 0
close(0x3)		 = 0 0
open("/Users/aaron/.ruby18/lib/ruby/site_ruby/1.8/rubygems/exceptions.rb\0", 0x0, 0x1002541B0)		 = 3 0
fstat64(0x3, 0x7FFF5FBFE0F0, 0x0)		 = 0 0
close(0x3)		 = 0 0
open_nocancel("/Users/aaron/.ruby18/lib/ruby/site_ruby/1.8/rubygems/exceptions.rb\0", 0x0, 0x1B6)		 = 3 0
close_nocancel(0x3)		 = 0 0
open_nocancel("/Users/aaron/.ruby18/lib/ruby/site_ruby/1.8/rubygems/exceptions.rb\0", 0x0, 0x1B6)		 = 3 0
fstat64(0x3, 0x7FFF5FBFD500, 0x7FFF5FBFD5CC)		 = 0 0
read_nocancel(0x3, "##\n# Base exception class for RubyGems.  All exception raised by RubyGems are a\n# subclass of this one.\nclass Gem::Exception < RuntimeError; end\n\nclass Gem::CommandLineError < Gem::Exception; end\n\nclass Gem::DependencyError < Gem::Exception; end\n\nclass Gem", 0x1000)		 = 2393 0
read_nocancel(0x3, "er(\"You don't have write permissions into the #{path} directory.\")\n  end\nend\n\n##\n# Used to raise parsing and loading errors\nclass Gem::FormatException < Gem::Exception\n  attr_accessor :file_path\nend\n\nclass Gem::GemNotFoundException < Gem::Exception\n  def i", 0x1000)		 = 0 0
close_nocancel(0x3)		 = 0 0
stat64("/Users/aaron/.ruby18/lib/ruby/site_ruby/1.8/rubygems/defaults/operating_system.rb\0", 0x7FFF5FBFDB40, 0x0)		 = -1 Err#2
stat64("/Users/aaron/.ruby18/lib/ruby/site_ruby/1.8/rubygems/defaults/operating_system.bundle\0", 0x7FFF5FBFDB40, 0x0)		 = -1 Err#2
stat64("/Users/aaron/.ruby18/lib/ruby/site_ruby/1.8/i686-darwin10.7.0/rubygems/defaults/operating_system.rb\0", 0x7FFF5FBFDB40, 0x0)		 = -1 Err#2
stat64("/Users/aaron/.ruby18/lib/ruby/site_ruby/1.8/i686-darwin10.7.0/rubygems/defaults/operating_system.bundle\0", 0x7FFF5FBFDB40, 0x0)		 = -1 Err#2
stat64("/Users/aaron/.ruby18/lib/ruby/site_ruby/rubygems/defaults/operating_system.rb\0", 0x7FFF5FBFDB40, 0x0)		 = -1 Err#2
stat64("/Users/aaron/.ruby18/lib/ruby/site_ruby/rubygems/defaults/operating_system.bundle\0", 0x7FFF5FBFDB40, 0x0)		 = -1 Err#2
stat64("/Users/aaron/.ruby18/lib/ruby/vendor_ruby/1.8/rubygems/defaults/operating_system.rb\0", 0x7FFF5FBFDB40, 0x0)		 = -1 Err#2
stat64("/Users/aaron/.ruby18/lib/ruby/vendor_ruby/1.8/rubygems/defaults/operating_system.bundle\0", 0x7FFF5FBFDB40, 0x0)		 = -1 Err#2
stat64("/Users/aaron/.ruby18/lib/ruby/vendor_ruby/1.8/i686-darwin10.7.0/rubygems/defaults/operating_system.rb\0", 0x7FFF5FBFDB40, 0x0)		 = -1 Err#2
stat64("/Users/aaron/.ruby18/lib/ruby/vendor_ruby/1.8/i686-darwin10.7.0/rubygems/defaults/operating_system.bundle\0", 0x7FFF5FBFDB40, 0x0)		 = -1 Err#2
stat64("/Users/aaron/.ruby18/lib/ruby/vendor_ruby/rubygems/defaults/operating_system.rb\0", 0x7FFF5FBFDB40, 0x0)		 = -1 Err#2
stat64("/Users/aaron/.ruby18/lib/ruby/vendor_ruby/rubygems/defaults/operating_system.bundle\0", 0x7FFF5FBFDB40, 0x0)		 = -1 Err#2
stat64("/Users/aaron/.ruby18/lib/ruby/1.8/rubygems/defaults/operating_system.rb\0", 0x7FFF5FBFDB40, 0x0)		 = -1 Err#2
stat64("/Users/aaron/.ruby18/lib/ruby/1.8/rubygems/defaults/operating_system.bundle\0", 0x7FFF5FBFDB40, 0x0)		 = -1 Err#2
stat64("/Users/aaron/.ruby18/lib/ruby/1.8/i686-darwin10.7.0/rubygems/defaults/operating_system.rb\0", 0x7FFF5FBFDB40, 0x0)		 = -1 Err#2
stat64("/Users/aaron/.ruby18/lib/ruby/1.8/i686-darwin10.7.0/rubygems/defaults/operating_system.bundle\0", 0x7FFF5FBFDB40, 0x0)		 = -1 Err#2
stat64("./rubygems/defaults/operating_system.rb\0", 0x7FFF5FBFDB40, 0x0)		 = -1 Err#2
stat64("./rubygems/defaults/operating_system.bundle\0", 0x7FFF5FBFDB40, 0x0)		 = -1 Err#2
sigprocmask(0x3, 0x1000F14E0, 0x0)		 = 0x0 0
stat64("/Users/aaron/.ruby18/lib/ruby/site_ruby/1.8/rubygems/custom_require.rb\0", 0x7FFF5FBFE260, 0x0)		 = 0 0
open("/Users/aaron/.ruby18/lib/ruby/site_ruby/1.8/rubygems/custom_require.rb\0", 0x0, 0x1000D4EA0)		 = 3 0
fstat64(0x3, 0x7FFF5FBFE280, 0x0)		 = 0 0
close(0x3)		 = 0 0
stat64("/Users/aaron/.ruby18/lib/ruby/site_ruby/1.8/rubygems/custom_require.rb\0", 0x7FFF5FBFE280, 0x0)		 = 0 0
open("/Users/aaron/.ruby18/lib/ruby/site_ruby/1.8/rubygems/custom_require.rb\0", 0x0, 0x1000D4EA0)		 = 3 0
fstat64(0x3, 0x7FFF5FBFE2A0, 0x0)		 = 0 0
close(0x3)		 = 0 0
open("/Users/aaron/.ruby18/lib/ruby/site_ruby/1.8/rubygems/custom_require.rb\0", 0x0, 0x100252380)		 = 3 0
fstat64(0x3, 0x7FFF5FBFE0D0, 0x0)		 = 0 0
close(0x3)		 = 0 0
open_nocancel("/Users/aaron/.ruby18/lib/ruby/site_ruby/1.8/rubygems/custom_require.rb\0", 0x0, 0x1B6)		 = 3 0
close_nocancel(0x3)		 = 0 0
open_nocancel("/Users/aaron/.ruby18/lib/ruby/site_ruby/1.8/rubygems/custom_require.rb\0", 0x0, 0x1B6)		 = 3 0
fstat64(0x3, 0x7FFF5FBFD4E0, 0x7FFF5FBFD5AC)		 = 0 0
read_nocancel(0x3, "#--\n# Copyright 2006 by Chad Fowler, Rich Kilmer, Jim Weirich and others.\n# All rights reserved.\n# See LICENSE.txt for permissions.\n#++\n\nmodule Kernel\n\n  ##\n  # The Kernel#require from before RubyGems was loaded.\n\n  alias gem_original_require require\n\n  ##", 0x1000)		 = 1099 0
read_nocancel(0x3, "quire(path) # :doc:\n    gem_original_require path\n  rescue LoadError => load_error\n    if load_error.message.end_with?(path) and Gem.try_activate(path) then\n      return gem_original_require(path)\n    end\n\n    raise load_error\n  end\n\n  private :require\n  p", 0x1000)		 = 0 0
close_nocancel(0x3)		 = 0 0
sigaction(0x2, 0x7FFF5FBFF4A0, 0x7FFF5FBFF4D0)		 = 0 0
getpid(0x7FFF5FBFF4D0, 0x7FFFFFE00050, 0x0)		 = 61579 0
open_nocancel("/dev/urandom\0", 0x0, 0x0)		 = 3 0
read_nocancel(0x3, "\0330\207\356\256\303>}\343\234f\031H\024\337\270\230E\261\336\367g\200\334\314\241=\225V\001,\206\260.%\a\276\032\263w\327\313\177\357J\212\023\024\217\376\216\222\250\246\203\215\v]\204\246\341(\314\372O,\343\332x\264f\365\247\344\242}\205!\213\n\235\365+\275U\0375h>n\352W^\347\327\246~$#\361\206\022{Y\034\371E\254\0", 0x6C)		 = 108 0
close_nocancel(0x3)		 = 0 0
issetugid(0x100000000, 0x7FFF5FBFF7F0, 0x7FFF5FC40530)		 = 0 0
geteuid(0x100000000, 0x7FFF5FBFF7F0, 0x0)		 = 0 0
__sysctl(0x7FFF5FBFD3C0, 0x2, 0x7FFF5FBFD380)		 = 0 0
__sysctl(0x7FFF5FBFD380, 0x2, 0x7FFF5FBFD41C)		 = 0 0
shared_region_check_np(0x7FFF5FBFD588, 0x0, 0x7FFF5FC1DC86)		 = 0 0
stat64("/usr/lib/dtrace/libdtrace_dyld.dylib\0", 0x7FFF5FBFC990, 0x7FFF5FBFCFD0)		 = 0 0
open("/usr/lib/dtrace/libdtrace_dyld.dylib\0", 0x0, 0x0)		 = 3 0
pread(0x3, "\312\376\272\276\0", 0x1000, 0x0)		 = 4096 0
pread(0x3, "\317\372\355\376\a\0", 0x1000, 0x1000)		 = 4096 0
mmap(0x100142000, 0x2000, 0x5, 0x12, 0x3, 0x7FFF00000001)		 = 0x142000 0
mmap(0x100144000, 0x1000, 0x3, 0x12, 0x3, 0x7FFF00000001)		 = 0x144000 0
mmap(0x100145000, 0x1F10, 0x1, 0x12, 0x3, 0x7FFF00000001)		 = 0x145000 0
close(0x3)		 = 0 0
stat64("/usr/lib/libSystem.B.dylib\0", 0x7FFF5FBFC730, 0x7FFF5FBFCD70)		 = 0 0
stat64("/usr/lib/libobjc.A.dylib\0", 0x7FFF5FBFC730, 0x7FFF5FBFCD70)		 = 0 0
stat64("/usr/lib/system/libmathCommon.A.dylib\0", 0x7FFF5FBFC5E0, 0x7FFF5FBFCC20)		 = 0 0
stat64("/usr/lib/libauto.dylib\0", 0x7FFF5FBFC5B0, 0x7FFF5FBFCBF0)		 = 0 0
stat64("/usr/lib/libstdc++.6.dylib\0", 0x7FFF5FBFC5B0, 0x7FFF5FBFCBF0)		 = 0 0
ioctl(0x3, 0x80086804, 0x7FFF5FBFD320)		 = 0 0
close(0x3)		 = 0 0
__sysctl(0x7FFF5FBFD210, 0x2, 0x7FFF5FBFD200)		 = 0 0
bsdthread_register(0x7FFF856A539C, 0x7FFF85685FB8, 0x2000)		 = 0 0
thread_selfid(0x7FFF856A539C, 0x7FFF85685FB8, 0x0)		 = 385916 0
open_nocancel("/dev/urandom\0", 0x0, 0x7FFF70A6EBE0)		 = 3 0
read_nocancel(0x3, "\313\355\037L\234\214\204\2215\201\267\261j\036t\206_\0353\227\223\030x\f P\aX~\235\316X\356\350\363\\\n\324/\234{\337t\272\243\201\215\366\325A\033\335\241\020\021\315i\347P:\346\367Y\226\0", 0x40)		 = 64 0
close_nocancel(0x3)		 = 0 0
mmap(0x0, 0x3000, 0x3, 0x1002, 0x1000000, 0x7FFF00000001)		 = 0x147000 0
__sysctl(0x7FFF5FBFD090, 0x2, 0x7FFF5FBFD050)		 = 0 0
__sysctl(0x7FFF5FBFD050, 0x2, 0x7FFF5FBFD0E8)		 = 0 0
getpid(0x7FFF5FBFCFE0, 0x7FFFFFE00050, 0x0)		 = 61579 0
open_nocancel("/dev/urandom\0", 0x0, 0x0)		 = 3 0
read_nocancel(0x3, "\200\261$\376\2357\215T\330G\215q\306\261\365\211\247\245%Y\332\331\025\220b\023v\215\034\272\360\234.!\017\313=\256\307\327\215\354\330\333\344\241\027\222\035\305\261\332D\377\001\215A$\224\226\207\252\tE\006\322\371\347\317\232\021\357H\201\371\336\035K\330@*=\312\213\3071\022\005\024\201\233:&oT\212\361\212\251\323\267\2450N4\005\234\223\0", 0x6C)		 = 108 0
close_nocancel(0x3)		 = 0 0
__sysctl(0x7FFF5FBFD090, 0x2, 0x7FFF5FBFD0BC)		 = 0 0
mmap(0x0, 0x17000, 0x3, 0x1002, 0x1000000, 0x7FFF00000001)		 = 0x14A000 0
mmap(0x0, 0x17000, 0x3, 0x1002, 0x1000000, 0x7FFF00000001)		 = 0x161000 0
mmap(0x0, 0x1000, 0x3, 0x1002, 0x1000000, 0x7FFF00000001)		 = 0x178000 0
mmap(0x0, 0x200000, 0x3, 0x1002, 0x7000000, 0x7FFF00000001)		 = 0x179000 0
munmap(0x100179000, 0x87000)		 = 0 0
munmap(0x100300000, 0x79000)		 = 0 0
__sysctl(0x7FFF5FBFD1F0, 0x2, 0x7FFF5FBFD1B0)		 = 0 0
__sysctl(0x7FFF5FBFD1B0, 0x2, 0x7FFF70A7B760)		 = 0 0
__sysctl(0x7FFF5FBFD1F0, 0x2, 0x7FFF5FBFD1B0)		 = 0 0
__sysctl(0x7FFF5FBFD1B0, 0x2, 0x7FFF70A7B764)		 = 0 0
__sysctl(0x7FFF5FBFD1F0, 0x2, 0x7FFF5FBFD1B0)		 = 0 0
__sysctl(0x7FFF5FBFD1B0, 0x2, 0x7FFF70A7B768)		 = 0 0
mmap(0x0, 0x3000, 0x3, 0x1002, 0x1000000, 0x7FFF00000001)		 = 0x179000 0
__sysctl(0x7FFF5FBFD1C0, 0x2, 0x7FFF5FBFD180)		 = 0 0
__sysctl(0x7FFF5FBFD180, 0x2, 0x7FFF5FBFD218)		 = 0 0
__sysctl(0x7FFF5FBFD1C0, 0x2, 0x7FFF5FBFD1EC)		 = 0 0
mmap(0x0, 0x17000, 0x3, 0x1002, 0x1000000, 0x7FFF00000001)		 = 0x17C000 0
mmap(0x0, 0x17000, 0x3, 0x1002, 0x1000000, 0x7FFF00000001)		 = 0x193000 0
mmap(0x0, 0x200000, 0x3, 0x1002, 0x7000000, 0x7FFF00000001)		 = 0x300000 0
munmap(0x100400000, 0x100000)		 = 0 0

